#
# There is insufficient memory for the Java Runtime Environment to continue.
# Native memory allocation (mmap) failed to map 65536 bytes for Failed to commit metaspace.
# Possible reasons:
#   The system is out of physical RAM or swap space
#   The process is running with CompressedOops enabled, and the Java Heap may be blocking the growth of the native heap
# Possible solutions:
#   Reduce memory load on the system
#   Increase physical memory or swap space
#   Check if swap backing store is full
#   Decrease Java heap size (-Xmx/-Xms)
#   Decrease number of Java threads
#   Decrease Java thread stack sizes (-Xss)
#   Set larger code cache with -XX:ReservedCodeCacheSize=
#   JVM is running with Unscaled Compressed Oops mode in which the Java heap is
#     placed in the first 4GB address space. The Java Heap base address is the
#     maximum limit for the native heap growth. Please use -XX:HeapBaseMinAddress
#     to set the Java Heap base and to place the Java Heap above 4GB virtual address.
# This output file may be truncated or incomplete.
#
#  Out of Memory Error (virtualSpaceNode.cpp:110), pid=13172, tid=10812
#
# JRE version: Java(TM) SE Runtime Environment (17.0.5+9) (build 17.0.5+9-LTS-191)
# Java VM: Java HotSpot(TM) 64-Bit Server VM (17.0.5+9-LTS-191, mixed mode, sharing, tiered, compressed oops, compressed class ptrs, g1 gc, windows-amd64)
# No core dump will be written. Minidumps are not enabled by default on client versions of Windows
#

---------------  S U M M A R Y ------------

Command Line: views.ViewCuaHangBanDienThoai

Host: 11th Gen Intel(R) Core(TM) i5-1135G7 @ 2.40GHz, 8 cores, 7G,  Windows 10 , 64 bit Build 19041 (10.0.19041.1741)
Time: Wed Dec  7 16:25:28 2022 SE Asia Standard Time elapsed time: 0.072470 seconds (0d 0h 0m 0s)

---------------  T H R E A D  ---------------

Current thread (0x000001fdab8a4880):  JavaThread "main" [_thread_in_vm, id=10812, stack(0x0000002115300000,0x0000002115400000)]

Stack: [0x0000002115300000,0x0000002115400000]
Native frames: (J=compiled Java code, j=interpreted, Vv=VM code, C=native code)
V  [jvm.dll+0x672eea]
V  [jvm.dll+0x7d2a04]
V  [jvm.dll+0x7d41ae]
V  [jvm.dll+0x7d4813]
V  [jvm.dll+0x242c15]
V  [jvm.dll+0x7ce9ab]
V  [jvm.dll+0x618bb6]
V  [jvm.dll+0x1be37e]
V  [jvm.dll+0x61b4f1]
V  [jvm.dll+0x619556]
V  [jvm.dll+0x367f22]
V  [jvm.dll+0x1dfb2b]
V  [jvm.dll+0x539409]
V  [jvm.dll+0x74d4f8]
V  [jvm.dll+0x74d5e4]
V  [jvm.dll+0x408fe5]
V  [jvm.dll+0x40f038]
C  [java.dll+0x17ec]

Java frames: (J=compiled Java code, j=interpreted, Vv=VM code)
j  java.lang.ClassLoader.defineClass1(Ljava/lang/ClassLoader;Ljava/lang/String;[BIILjava/security/ProtectionDomain;Ljava/lang/String;)Ljava/lang/Class;+0 java.base@17.0.5
j  java.lang.ClassLoader.defineClass(Ljava/lang/String;[BIILjava/security/ProtectionDomain;)Ljava/lang/Class;+27 java.base@17.0.5
j  java.security.SecureClassLoader.defineClass(Ljava/lang/String;[BIILjava/security/CodeSource;)Ljava/lang/Class;+12 java.base@17.0.5
j  jdk.internal.loader.BuiltinClassLoader.defineClass(Ljava/lang/String;Ljdk/internal/loader/Resource;)Ljava/lang/Class;+117 java.base@17.0.5
j  jdk.internal.loader.BuiltinClassLoader.findClassOnClassPathOrNull(Ljava/lang/String;)Ljava/lang/Class;+37 java.base@17.0.5
j  jdk.internal.loader.BuiltinClassLoader.loadClassOrNull(Ljava/lang/String;Z)Ljava/lang/Class;+111 java.base@17.0.5
j  jdk.internal.loader.BuiltinClassLoader.loadClass(Ljava/lang/String;Z)Ljava/lang/Class;+3 java.base@17.0.5
j  jdk.internal.loader.ClassLoaders$AppClassLoader.loadClass(Ljava/lang/String;Z)Ljava/lang/Class;+36 java.base@17.0.5
j  java.lang.ClassLoader.loadClass(Ljava/lang/String;)Ljava/lang/Class;+3 java.base@17.0.5
v  ~StubRoutines::call_stub
j  java.lang.Class.forName0(Ljava/lang/String;ZLjava/lang/ClassLoader;Ljava/lang/Class;)Ljava/lang/Class;+0 java.base@17.0.5
j  java.lang.Class.forName(Ljava/lang/String;ZLjava/lang/ClassLoader;)Ljava/lang/Class;+43 java.base@17.0.5
j  sun.launcher.LauncherHelper.loadMainClass(ILjava/lang/String;)Ljava/lang/Class;+95 java.base@17.0.5
j  sun.launcher.LauncherHelper.checkAndLoadMain(ZILjava/lang/String;)Ljava/lang/Class;+42 java.base@17.0.5
v  ~StubRoutines::call_stub

---------------  P R O C E S S  ---------------

Threads class SMR info:
_java_thread_list=0x000001fdca4ee790, length=12, elements={
0x000001fdab8a4880, 0x000001fdc97c9e40, 0x000001fdc97ca7f0, 0x000001fdc97df970,
0x000001fdc97e0320, 0x000001fdc97e2ef0, 0x000001fdc97e5af0, 0x000001fdc97e6ea0,
0x000001fdc97f2e50, 0x000001fdc981d850, 0x000001fdca4e6bb0, 0x000001fdca4eef00
}

Java Threads: ( => current thread )
=>0x000001fdab8a4880 JavaThread "main" [_thread_in_vm, id=10812, stack(0x0000002115300000,0x0000002115400000)]
  0x000001fdc97c9e40 JavaThread "Reference Handler" daemon [_thread_blocked, id=14188, stack(0x0000002115a00000,0x0000002115b00000)]
  0x000001fdc97ca7f0 JavaThread "Finalizer" daemon [_thread_blocked, id=2120, stack(0x0000002115b00000,0x0000002115c00000)]
  0x000001fdc97df970 JavaThread "Signal Dispatcher" daemon [_thread_blocked, id=9880, stack(0x0000002115c00000,0x0000002115d00000)]
  0x000001fdc97e0320 JavaThread "Attach Listener" daemon [_thread_blocked, id=3264, stack(0x0000002115d00000,0x0000002115e00000)]
  0x000001fdc97e2ef0 JavaThread "Service Thread" daemon [_thread_blocked, id=13620, stack(0x0000002115e00000,0x0000002115f00000)]
  0x000001fdc97e5af0 JavaThread "Monitor Deflation Thread" daemon [_thread_blocked, id=3580, stack(0x0000002115f00000,0x0000002116000000)]
  0x000001fdc97e6ea0 JavaThread "C2 CompilerThread0" daemon [_thread_blocked, id=1028, stack(0x0000002116000000,0x0000002116100000)]
  0x000001fdc97f2e50 JavaThread "C1 CompilerThread0" daemon [_thread_blocked, id=12272, stack(0x0000002116100000,0x0000002116200000)]
  0x000001fdc981d850 JavaThread "Sweeper thread" daemon [_thread_blocked, id=4136, stack(0x0000002116200000,0x0000002116300000)]
  0x000001fdca4e6bb0 JavaThread "Notification Thread" daemon [_thread_blocked, id=9188, stack(0x0000002116300000,0x0000002116400000)]
  0x000001fdca4eef00 JavaThread "Common-Cleaner" daemon [_thread_blocked, id=4796, stack(0x0000002116500000,0x0000002116600000)]

Other Threads:
  0x000001fdc97c27d0 VMThread "VM Thread" [stack: 0x0000002115900000,0x0000002115a00000] [id=13720]
  0x000001fdab917f60 WatcherThread [stack: 0x0000002116400000,0x0000002116500000] [id=13908]
  0x000001fdab8feb10 GCTaskThread "GC Thread#0" [stack: 0x0000002115400000,0x0000002115500000] [id=11512]
  0x000001fdab90f1d0 ConcurrentGCThread "G1 Main Marker" [stack: 0x0000002115500000,0x0000002115600000] [id=12396]
  0x000001fdab910380 ConcurrentGCThread "G1 Conc#0" [stack: 0x0000002115600000,0x0000002115700000] [id=7112]
  0x000001fdc9670490 ConcurrentGCThread "G1 Refine#0" [stack: 0x0000002115700000,0x0000002115800000] [id=13348]
  0x000001fdc9670eb0 ConcurrentGCThread "G1 Service" [stack: 0x0000002115800000,0x0000002115900000] [id=13668]

Threads with active compile tasks:

VM state: not at safepoint (normal execution)

VM Mutex/Monitor currently owned by a thread:  ([mutex/lock_event])
[0x000001fdab8a15f0] Metaspace_lock - owner thread: 0x000001fdab8a4880

Heap address: 0x0000000084400000, size: 1980 MB, Compressed Oops mode: 32-bit

CDS archive(s) mapped at: [0x0000000800000000-0x0000000800bd0000-0x0000000800bd0000), size 12386304, SharedBaseAddress: 0x0000000800000000, ArchiveRelocationMode: 0.
Compressed class space mapped at: 0x0000000800c00000-0x0000000840c00000, reserved size: 1073741824
Narrow klass base: 0x0000000800000000, Narrow klass shift: 0, Narrow klass range: 0x100000000

GC Precious Log:
 CPUs: 8 total, 8 available
 Memory: 7914M
 Large Page Support: Disabled
 NUMA Support: Disabled
 Compressed Oops: Enabled (32-bit)
 Heap Region Size: 1M
 Heap Min Capacity: 8M
 Heap Initial Capacity: 124M
 Heap Max Capacity: 1980M
 Pre-touch: Disabled
 Parallel Workers: 8
 Concurrent Workers: 2
 Concurrent Refinement Workers: 8
 Periodic GC: Disabled

Heap:
 garbage-first heap   total 126976K, used 1024K [0x0000000084400000, 0x0000000100000000)
  region size 1024K, 2 young (2048K), 0 survivors (0K)
 Metaspace       used 502K, committed 640K, reserved 1056768K
  class space    used 25K, committed 64K, reserved 1048576K

Heap Regions: E=young(eden), S=young(survivor), O=old, HS=humongous(starts), HC=humongous(continues), CS=collection set, F=free, OA=open archive, CA=closed archive, TAMS=top-at-mark-start (previous, next)
|   0|0x0000000084400000, 0x0000000084400000, 0x0000000084500000|  0%| F|  |TAMS 0x0000000084400000, 0x0000000084400000| Untracked 
|   1|0x0000000084500000, 0x0000000084500000, 0x0000000084600000|  0%| F|  |TAMS 0x0000000084500000, 0x0000000084500000| Untracked 
|   2|0x0000000084600000, 0x0000000084600000, 0x0000000084700000|  0%| F|  |TAMS 0x0000000084600000, 0x0000000084600000| Untracked 
|   3|0x0000000084700000, 0x0000000084700000, 0x0000000084800000|  0%| F|  |TAMS 0x0000000084700000, 0x0000000084700000| Untracked 
|   4|0x0000000084800000, 0x0000000084800000, 0x0000000084900000|  0%| F|  |TAMS 0x0000000084800000, 0x0000000084800000| Untracked 
|   5|0x0000000084900000, 0x0000000084900000, 0x0000000084a00000|  0%| F|  |TAMS 0x0000000084900000, 0x0000000084900000| Untracked 
|   6|0x0000000084a00000, 0x0000000084a00000, 0x0000000084b00000|  0%| F|  |TAMS 0x0000000084a00000, 0x0000000084a00000| Untracked 
|   7|0x0000000084b00000, 0x0000000084b00000, 0x0000000084c00000|  0%| F|  |TAMS 0x0000000084b00000, 0x0000000084b00000| Untracked 
|   8|0x0000000084c00000, 0x0000000084c00000, 0x0000000084d00000|  0%| F|  |TAMS 0x0000000084c00000, 0x0000000084c00000| Untracked 
|   9|0x0000000084d00000, 0x0000000084d00000, 0x0000000084e00000|  0%| F|  |TAMS 0x0000000084d00000, 0x0000000084d00000| Untracked 
|  10|0x0000000084e00000, 0x0000000084e00000, 0x0000000084f00000|  0%| F|  |TAMS 0x0000000084e00000, 0x0000000084e00000| Untracked 
|  11|0x0000000084f00000, 0x0000000084f00000, 0x0000000085000000|  0%| F|  |TAMS 0x0000000084f00000, 0x0000000084f00000| Untracked 
|  12|0x0000000085000000, 0x0000000085000000, 0x0000000085100000|  0%| F|  |TAMS 0x0000000085000000, 0x0000000085000000| Untracked 
|  13|0x0000000085100000, 0x0000000085100000, 0x0000000085200000|  0%| F|  |TAMS 0x0000000085100000, 0x0000000085100000| Untracked 
|  14|0x0000000085200000, 0x0000000085200000, 0x0000000085300000|  0%| F|  |TAMS 0x0000000085200000, 0x0000000085200000| Untracked 
|  15|0x0000000085300000, 0x0000000085300000, 0x0000000085400000|  0%| F|  |TAMS 0x0000000085300000, 0x0000000085300000| Untracked 
|  16|0x0000000085400000, 0x0000000085400000, 0x0000000085500000|  0%| F|  |TAMS 0x0000000085400000, 0x0000000085400000| Untracked 
|  17|0x0000000085500000, 0x0000000085500000, 0x0000000085600000|  0%| F|  |TAMS 0x0000000085500000, 0x0000000085500000| Untracked 
|  18|0x0000000085600000, 0x0000000085600000, 0x0000000085700000|  0%| F|  |TAMS 0x0000000085600000, 0x0000000085600000| Untracked 
|  19|0x0000000085700000, 0x0000000085700000, 0x0000000085800000|  0%| F|  |TAMS 0x0000000085700000, 0x0000000085700000| Untracked 
|  20|0x0000000085800000, 0x0000000085800000, 0x0000000085900000|  0%| F|  |TAMS 0x0000000085800000, 0x0000000085800000| Untracked 
|  21|0x0000000085900000, 0x0000000085900000, 0x0000000085a00000|  0%| F|  |TAMS 0x0000000085900000, 0x0000000085900000| Untracked 
|  22|0x0000000085a00000, 0x0000000085a00000, 0x0000000085b00000|  0%| F|  |TAMS 0x0000000085a00000, 0x0000000085a00000| Untracked 
|  23|0x0000000085b00000, 0x0000000085b00000, 0x0000000085c00000|  0%| F|  |TAMS 0x0000000085b00000, 0x0000000085b00000| Untracked 
|  24|0x0000000085c00000, 0x0000000085c00000, 0x0000000085d00000|  0%| F|  |TAMS 0x0000000085c00000, 0x0000000085c00000| Untracked 
|  25|0x0000000085d00000, 0x0000000085d00000, 0x0000000085e00000|  0%| F|  |TAMS 0x0000000085d00000, 0x0000000085d00000| Untracked 
|  26|0x0000000085e00000, 0x0000000085e00000, 0x0000000085f00000|  0%| F|  |TAMS 0x0000000085e00000, 0x0000000085e00000| Untracked 
|  27|0x0000000085f00000, 0x0000000085f00000, 0x0000000086000000|  0%| F|  |TAMS 0x0000000085f00000, 0x0000000085f00000| Untracked 
|  28|0x0000000086000000, 0x0000000086000000, 0x0000000086100000|  0%| F|  |TAMS 0x0000000086000000, 0x0000000086000000| Untracked 
|  29|0x0000000086100000, 0x0000000086100000, 0x0000000086200000|  0%| F|  |TAMS 0x0000000086100000, 0x0000000086100000| Untracked 
|  30|0x0000000086200000, 0x0000000086200000, 0x0000000086300000|  0%| F|  |TAMS 0x0000000086200000, 0x0000000086200000| Untracked 
|  31|0x0000000086300000, 0x0000000086300000, 0x0000000086400000|  0%| F|  |TAMS 0x0000000086300000, 0x0000000086300000| Untracked 
|  32|0x0000000086400000, 0x0000000086400000, 0x0000000086500000|  0%| F|  |TAMS 0x0000000086400000, 0x0000000086400000| Untracked 
|  33|0x0000000086500000, 0x0000000086500000, 0x0000000086600000|  0%| F|  |TAMS 0x0000000086500000, 0x0000000086500000| Untracked 
|  34|0x0000000086600000, 0x0000000086600000, 0x0000000086700000|  0%| F|  |TAMS 0x0000000086600000, 0x0000000086600000| Untracked 
|  35|0x0000000086700000, 0x0000000086700000, 0x0000000086800000|  0%| F|  |TAMS 0x0000000086700000, 0x0000000086700000| Untracked 
|  36|0x0000000086800000, 0x0000000086800000, 0x0000000086900000|  0%| F|  |TAMS 0x0000000086800000, 0x0000000086800000| Untracked 
|  37|0x0000000086900000, 0x0000000086900000, 0x0000000086a00000|  0%| F|  |TAMS 0x0000000086900000, 0x0000000086900000| Untracked 
|  38|0x0000000086a00000, 0x0000000086a00000, 0x0000000086b00000|  0%| F|  |TAMS 0x0000000086a00000, 0x0000000086a00000| Untracked 
|  39|0x0000000086b00000, 0x0000000086b00000, 0x0000000086c00000|  0%| F|  |TAMS 0x0000000086b00000, 0x0000000086b00000| Untracked 
|  40|0x0000000086c00000, 0x0000000086c00000, 0x0000000086d00000|  0%| F|  |TAMS 0x0000000086c00000, 0x0000000086c00000| Untracked 
|  41|0x0000000086d00000, 0x0000000086d00000, 0x0000000086e00000|  0%| F|  |TAMS 0x0000000086d00000, 0x0000000086d00000| Untracked 
|  42|0x0000000086e00000, 0x0000000086e00000, 0x0000000086f00000|  0%| F|  |TAMS 0x0000000086e00000, 0x0000000086e00000| Untracked 
|  43|0x0000000086f00000, 0x0000000086f00000, 0x0000000087000000|  0%| F|  |TAMS 0x0000000086f00000, 0x0000000086f00000| Untracked 
|  44|0x0000000087000000, 0x0000000087000000, 0x0000000087100000|  0%| F|  |TAMS 0x0000000087000000, 0x0000000087000000| Untracked 
|  45|0x0000000087100000, 0x0000000087100000, 0x0000000087200000|  0%| F|  |TAMS 0x0000000087100000, 0x0000000087100000| Untracked 
|  46|0x0000000087200000, 0x0000000087200000, 0x0000000087300000|  0%| F|  |TAMS 0x0000000087200000, 0x0000000087200000| Untracked 
|  47|0x0000000087300000, 0x0000000087300000, 0x0000000087400000|  0%| F|  |TAMS 0x0000000087300000, 0x0000000087300000| Untracked 
|  48|0x0000000087400000, 0x0000000087400000, 0x0000000087500000|  0%| F|  |TAMS 0x0000000087400000, 0x0000000087400000| Untracked 
|  49|0x0000000087500000, 0x0000000087500000, 0x0000000087600000|  0%| F|  |TAMS 0x0000000087500000, 0x0000000087500000| Untracked 
|  50|0x0000000087600000, 0x0000000087600000, 0x0000000087700000|  0%| F|  |TAMS 0x0000000087600000, 0x0000000087600000| Untracked 
|  51|0x0000000087700000, 0x0000000087700000, 0x0000000087800000|  0%| F|  |TAMS 0x0000000087700000, 0x0000000087700000| Untracked 
|  52|0x0000000087800000, 0x0000000087800000, 0x0000000087900000|  0%| F|  |TAMS 0x0000000087800000, 0x0000000087800000| Untracked 
|  53|0x0000000087900000, 0x0000000087900000, 0x0000000087a00000|  0%| F|  |TAMS 0x0000000087900000, 0x0000000087900000| Untracked 
|  54|0x0000000087a00000, 0x0000000087a00000, 0x0000000087b00000|  0%| F|  |TAMS 0x0000000087a00000, 0x0000000087a00000| Untracked 
|  55|0x0000000087b00000, 0x0000000087b00000, 0x0000000087c00000|  0%| F|  |TAMS 0x0000000087b00000, 0x0000000087b00000| Untracked 
|  56|0x0000000087c00000, 0x0000000087c00000, 0x0000000087d00000|  0%| F|  |TAMS 0x0000000087c00000, 0x0000000087c00000| Untracked 
|  57|0x0000000087d00000, 0x0000000087d00000, 0x0000000087e00000|  0%| F|  |TAMS 0x0000000087d00000, 0x0000000087d00000| Untracked 
|  58|0x0000000087e00000, 0x0000000087e00000, 0x0000000087f00000|  0%| F|  |TAMS 0x0000000087e00000, 0x0000000087e00000| Untracked 
|  59|0x0000000087f00000, 0x0000000087f00000, 0x0000000088000000|  0%| F|  |TAMS 0x0000000087f00000, 0x0000000087f00000| Untracked 
|  60|0x0000000088000000, 0x0000000088000000, 0x0000000088100000|  0%| F|  |TAMS 0x0000000088000000, 0x0000000088000000| Untracked 
|  61|0x0000000088100000, 0x0000000088100000, 0x0000000088200000|  0%| F|  |TAMS 0x0000000088100000, 0x0000000088100000| Untracked 
|  62|0x0000000088200000, 0x0000000088200000, 0x0000000088300000|  0%| F|  |TAMS 0x0000000088200000, 0x0000000088200000| Untracked 
|  63|0x0000000088300000, 0x0000000088300000, 0x0000000088400000|  0%| F|  |TAMS 0x0000000088300000, 0x0000000088300000| Untracked 
|  64|0x0000000088400000, 0x0000000088400000, 0x0000000088500000|  0%| F|  |TAMS 0x0000000088400000, 0x0000000088400000| Untracked 
|  65|0x0000000088500000, 0x0000000088500000, 0x0000000088600000|  0%| F|  |TAMS 0x0000000088500000, 0x0000000088500000| Untracked 
|  66|0x0000000088600000, 0x0000000088600000, 0x0000000088700000|  0%| F|  |TAMS 0x0000000088600000, 0x0000000088600000| Untracked 
|  67|0x0000000088700000, 0x0000000088700000, 0x0000000088800000|  0%| F|  |TAMS 0x0000000088700000, 0x0000000088700000| Untracked 
|  68|0x0000000088800000, 0x0000000088800000, 0x0000000088900000|  0%| F|  |TAMS 0x0000000088800000, 0x0000000088800000| Untracked 
|  69|0x0000000088900000, 0x0000000088900000, 0x0000000088a00000|  0%| F|  |TAMS 0x0000000088900000, 0x0000000088900000| Untracked 
|  70|0x0000000088a00000, 0x0000000088a00000, 0x0000000088b00000|  0%| F|  |TAMS 0x0000000088a00000, 0x0000000088a00000| Untracked 
|  71|0x0000000088b00000, 0x0000000088b00000, 0x0000000088c00000|  0%| F|  |TAMS 0x0000000088b00000, 0x0000000088b00000| Untracked 
|  72|0x0000000088c00000, 0x0000000088c00000, 0x0000000088d00000|  0%| F|  |TAMS 0x0000000088c00000, 0x0000000088c00000| Untracked 
|  73|0x0000000088d00000, 0x0000000088d00000, 0x0000000088e00000|  0%| F|  |TAMS 0x0000000088d00000, 0x0000000088d00000| Untracked 
|  74|0x0000000088e00000, 0x0000000088e00000, 0x0000000088f00000|  0%| F|  |TAMS 0x0000000088e00000, 0x0000000088e00000| Untracked 
|  75|0x0000000088f00000, 0x0000000088f00000, 0x0000000089000000|  0%| F|  |TAMS 0x0000000088f00000, 0x0000000088f00000| Untracked 
|  76|0x0000000089000000, 0x0000000089000000, 0x0000000089100000|  0%| F|  |TAMS 0x0000000089000000, 0x0000000089000000| Untracked 
|  77|0x0000000089100000, 0x0000000089100000, 0x0000000089200000|  0%| F|  |TAMS 0x0000000089100000, 0x0000000089100000| Untracked 
|  78|0x0000000089200000, 0x0000000089200000, 0x0000000089300000|  0%| F|  |TAMS 0x0000000089200000, 0x0000000089200000| Untracked 
|  79|0x0000000089300000, 0x0000000089300000, 0x0000000089400000|  0%| F|  |TAMS 0x0000000089300000, 0x0000000089300000| Untracked 
|  80|0x0000000089400000, 0x0000000089400000, 0x0000000089500000|  0%| F|  |TAMS 0x0000000089400000, 0x0000000089400000| Untracked 
|  81|0x0000000089500000, 0x0000000089500000, 0x0000000089600000|  0%| F|  |TAMS 0x0000000089500000, 0x0000000089500000| Untracked 
|  82|0x0000000089600000, 0x0000000089600000, 0x0000000089700000|  0%| F|  |TAMS 0x0000000089600000, 0x0000000089600000| Untracked 
|  83|0x0000000089700000, 0x0000000089700000, 0x0000000089800000|  0%| F|  |TAMS 0x0000000089700000, 0x0000000089700000| Untracked 
|  84|0x0000000089800000, 0x0000000089800000, 0x0000000089900000|  0%| F|  |TAMS 0x0000000089800000, 0x0000000089800000| Untracked 
|  85|0x0000000089900000, 0x0000000089900000, 0x0000000089a00000|  0%| F|  |TAMS 0x0000000089900000, 0x0000000089900000| Untracked 
|  86|0x0000000089a00000, 0x0000000089a00000, 0x0000000089b00000|  0%| F|  |TAMS 0x0000000089a00000, 0x0000000089a00000| Untracked 
|  87|0x0000000089b00000, 0x0000000089b00000, 0x0000000089c00000|  0%| F|  |TAMS 0x0000000089b00000, 0x0000000089b00000| Untracked 
|  88|0x0000000089c00000, 0x0000000089c00000, 0x0000000089d00000|  0%| F|  |TAMS 0x0000000089c00000, 0x0000000089c00000| Untracked 
|  89|0x0000000089d00000, 0x0000000089d00000, 0x0000000089e00000|  0%| F|  |TAMS 0x0000000089d00000, 0x0000000089d00000| Untracked 
|  90|0x0000000089e00000, 0x0000000089e00000, 0x0000000089f00000|  0%| F|  |TAMS 0x0000000089e00000, 0x0000000089e00000| Untracked 
|  91|0x0000000089f00000, 0x0000000089f00000, 0x000000008a000000|  0%| F|  |TAMS 0x0000000089f00000, 0x0000000089f00000| Untracked 
|  92|0x000000008a000000, 0x000000008a000000, 0x000000008a100000|  0%| F|  |TAMS 0x000000008a000000, 0x000000008a000000| Untracked 
|  93|0x000000008a100000, 0x000000008a100000, 0x000000008a200000|  0%| F|  |TAMS 0x000000008a100000, 0x000000008a100000| Untracked 
|  94|0x000000008a200000, 0x000000008a200000, 0x000000008a300000|  0%| F|  |TAMS 0x000000008a200000, 0x000000008a200000| Untracked 
|  95|0x000000008a300000, 0x000000008a300000, 0x000000008a400000|  0%| F|  |TAMS 0x000000008a300000, 0x000000008a300000| Untracked 
|  96|0x000000008a400000, 0x000000008a400000, 0x000000008a500000|  0%| F|  |TAMS 0x000000008a400000, 0x000000008a400000| Untracked 
|  97|0x000000008a500000, 0x000000008a500000, 0x000000008a600000|  0%| F|  |TAMS 0x000000008a500000, 0x000000008a500000| Untracked 
|  98|0x000000008a600000, 0x000000008a600000, 0x000000008a700000|  0%| F|  |TAMS 0x000000008a600000, 0x000000008a600000| Untracked 
|  99|0x000000008a700000, 0x000000008a700000, 0x000000008a800000|  0%| F|  |TAMS 0x000000008a700000, 0x000000008a700000| Untracked 
| 100|0x000000008a800000, 0x000000008a800000, 0x000000008a900000|  0%| F|  |TAMS 0x000000008a800000, 0x000000008a800000| Untracked 
| 101|0x000000008a900000, 0x000000008a900000, 0x000000008aa00000|  0%| F|  |TAMS 0x000000008a900000, 0x000000008a900000| Untracked 
| 102|0x000000008aa00000, 0x000000008aa00000, 0x000000008ab00000|  0%| F|  |TAMS 0x000000008aa00000, 0x000000008aa00000| Untracked 
| 103|0x000000008ab00000, 0x000000008ab00000, 0x000000008ac00000|  0%| F|  |TAMS 0x000000008ab00000, 0x000000008ab00000| Untracked 
| 104|0x000000008ac00000, 0x000000008ac00000, 0x000000008ad00000|  0%| F|  |TAMS 0x000000008ac00000, 0x000000008ac00000| Untracked 
| 105|0x000000008ad00000, 0x000000008ad00000, 0x000000008ae00000|  0%| F|  |TAMS 0x000000008ad00000, 0x000000008ad00000| Untracked 
| 106|0x000000008ae00000, 0x000000008ae00000, 0x000000008af00000|  0%| F|  |TAMS 0x000000008ae00000, 0x000000008ae00000| Untracked 
| 107|0x000000008af00000, 0x000000008af00000, 0x000000008b000000|  0%| F|  |TAMS 0x000000008af00000, 0x000000008af00000| Untracked 
| 108|0x000000008b000000, 0x000000008b000000, 0x000000008b100000|  0%| F|  |TAMS 0x000000008b000000, 0x000000008b000000| Untracked 
| 109|0x000000008b100000, 0x000000008b100000, 0x000000008b200000|  0%| F|  |TAMS 0x000000008b100000, 0x000000008b100000| Untracked 
| 110|0x000000008b200000, 0x000000008b200000, 0x000000008b300000|  0%| F|  |TAMS 0x000000008b200000, 0x000000008b200000| Untracked 
| 111|0x000000008b300000, 0x000000008b300000, 0x000000008b400000|  0%| F|  |TAMS 0x000000008b300000, 0x000000008b300000| Untracked 
| 112|0x000000008b400000, 0x000000008b400000, 0x000000008b500000|  0%| F|  |TAMS 0x000000008b400000, 0x000000008b400000| Untracked 
| 113|0x000000008b500000, 0x000000008b500000, 0x000000008b600000|  0%| F|  |TAMS 0x000000008b500000, 0x000000008b500000| Untracked 
| 114|0x000000008b600000, 0x000000008b600000, 0x000000008b700000|  0%| F|  |TAMS 0x000000008b600000, 0x000000008b600000| Untracked 
| 115|0x000000008b700000, 0x000000008b700000, 0x000000008b800000|  0%| F|  |TAMS 0x000000008b700000, 0x000000008b700000| Untracked 
| 116|0x000000008b800000, 0x000000008b800000, 0x000000008b900000|  0%| F|  |TAMS 0x000000008b800000, 0x000000008b800000| Untracked 
| 117|0x000000008b900000, 0x000000008b900000, 0x000000008ba00000|  0%| F|  |TAMS 0x000000008b900000, 0x000000008b900000| Untracked 
| 118|0x000000008ba00000, 0x000000008ba00000, 0x000000008bb00000|  0%| F|  |TAMS 0x000000008ba00000, 0x000000008ba00000| Untracked 
| 119|0x000000008bb00000, 0x000000008bb00000, 0x000000008bc00000|  0%| F|  |TAMS 0x000000008bb00000, 0x000000008bb00000| Untracked 
| 120|0x000000008bc00000, 0x000000008bc00000, 0x000000008bd00000|  0%| F|  |TAMS 0x000000008bc00000, 0x000000008bc00000| Untracked 
| 121|0x000000008bd00000, 0x000000008bd00000, 0x000000008be00000|  0%| F|  |TAMS 0x000000008bd00000, 0x000000008bd00000| Untracked 
| 122|0x000000008be00000, 0x000000008be76460, 0x000000008bf00000| 46%| E|  |TAMS 0x000000008be00000, 0x000000008be00000| Complete 
| 123|0x000000008bf00000, 0x000000008c000000, 0x000000008c000000|100%| E|CS|TAMS 0x000000008bf00000, 0x000000008bf00000| Complete 

Card table byte_map: [0x000001fdc2830000,0x000001fdc2c10000] _byte_map_base: 0x000001fdc240e000

Marking Bits (Prev, Next): (CMBitMap*) 0x000001fdab8ff120, (CMBitMap*) 0x000001fdab8ff160
 Prev Bits: [0x000001fdc2ff0000, 0x000001fdc4ee0000)
 Next Bits: [0x000001fdc4ee0000, 0x000001fdc6dd0000)

Polling page: 0x000001fda98c0000

Metaspace:

Usage:
  Non-class:    477.34 KB used.
      Class:     25.46 KB used.
       Both:    502.80 KB used.

Virtual space:
  Non-class space:        8.00 MB reserved,     576.00 KB (  7%) committed,  1 nodes.
      Class space:        1.00 GB reserved,      64.00 KB ( <1%) committed,  1 nodes.
             Both:        1.01 GB reserved,     640.00 KB ( <1%) committed. 

Chunk freelists:
   Non-Class:  3.91 MB
       Class:  3.74 MB
        Both:  7.65 MB

MaxMetaspaceSize: unlimited
CompressedClassSpaceSize: 1.00 GB
Initial GC threshold: 21.00 MB
Current GC threshold: 21.00 MB
CDS: on
MetaspaceReclaimPolicy: balanced
 - commit_granule_bytes: 65536.
 - commit_granule_words: 8192.
 - virtual_space_node_default_size: 1048576.
 - enlarge_chunks_in_place: 1.
 - new_chunks_are_fully_committed: 0.
 - uncommit_free_chunks: 1.
 - use_allocation_guard: 0.
 - handle_deallocations: 1.


Internal statistics:

num_allocs_failed_limit: 0.
num_arena_births: 4.
num_arena_deaths: 0.
num_vsnodes_births: 2.
num_vsnodes_deaths: 0.
num_space_committed: 10.
num_space_uncommitted: 0.
num_chunks_returned_to_freelist: 0.
num_chunks_taken_from_freelist: 8.
num_chunk_merges: 0.
num_chunk_splits: 3.
num_chunks_enlarged: 0.
num_purges: 0.
num_inconsistent_stats: 0.

CodeHeap 'non-profiled nmethods': size=120000Kb used=15Kb max_used=15Kb free=119984Kb
 bounds [0x000001fdbabf0000, 0x000001fdbae60000, 0x000001fdc2120000]
CodeHeap 'profiled nmethods': size=120000Kb used=90Kb max_used=90Kb free=119909Kb
 bounds [0x000001fdb36c0000, 0x000001fdb3930000, 0x000001fdbabf0000]
CodeHeap 'non-nmethods': size=5760Kb used=1044Kb max_used=1058Kb free=4715Kb
 bounds [0x000001fdb3120000, 0x000001fdb3390000, 0x000001fdb36c0000]
 total_blobs=360 nmethods=73 adapters=200
 compilation: enabled
              stopped_count=0, restarted_count=0
 full_count=0

Compilation events (20 events):
Event: 0.063 Thread 0x000001fdc97f2e50   66       1       java.util.ImmutableCollections$Set12::isEmpty (2 bytes)
Event: 0.063 Thread 0x000001fdc97f2e50 nmethod 66 0x000001fdbabf3310 code [0x000001fdbabf34a0, 0x000001fdbabf3578]
Event: 0.063 Thread 0x000001fdc97f2e50   65       1       java.lang.module.ResolvedModule::configuration (5 bytes)
Event: 0.063 Thread 0x000001fdc97f2e50 nmethod 65 0x000001fdbabf3610 code [0x000001fdbabf37a0, 0x000001fdbabf3878]
Event: 0.063 Thread 0x000001fdc97f2e50   64       1       java.lang.module.ModuleDescriptor$Exports::targets (5 bytes)
Event: 0.063 Thread 0x000001fdc97f2e50 nmethod 64 0x000001fdbabf3910 code [0x000001fdbabf3aa0, 0x000001fdbabf3b78]
Event: 0.064 Thread 0x000001fdc97e6ea0   68       4       java.lang.StringLatin1::charAt (28 bytes)
Event: 0.064 Thread 0x000001fdc97f2e50   67       3       java.lang.String::charAt (25 bytes)
Event: 0.064 Thread 0x000001fdc97f2e50 nmethod 67 0x000001fdb36d4890 code [0x000001fdb36d4a80, 0x000001fdb36d4fb8]
Event: 0.065 Thread 0x000001fdc97f2e50   69       3       java.lang.String::<init> (15 bytes)
Event: 0.065 Thread 0x000001fdc97f2e50 nmethod 69 0x000001fdb36d5210 code [0x000001fdb36d53a0, 0x000001fdb36d5558]
Event: 0.065 Thread 0x000001fdc97e6ea0 nmethod 68 0x000001fdbabf3c10 code [0x000001fdbabf3d80, 0x000001fdbabf3e18]
Event: 0.065 Thread 0x000001fdc97f2e50   71       3       java.lang.AbstractStringBuilder::ensureCapacityInternal (39 bytes)
Event: 0.065 Thread 0x000001fdc97f2e50 nmethod 71 0x000001fdb36d5610 code [0x000001fdb36d57c0, 0x000001fdb36d59f8]
Event: 0.065 Thread 0x000001fdc97f2e50   70       3       java.lang.AbstractStringBuilder::isLatin1 (19 bytes)
Event: 0.065 Thread 0x000001fdc97f2e50 nmethod 70 0x000001fdb36d5b10 code [0x000001fdb36d5ca0, 0x000001fdb36d5e18]
Event: 0.065 Thread 0x000001fdc97f2e50   72       3       java.lang.StringBuilder::append (8 bytes)
Event: 0.066 Thread 0x000001fdc97f2e50 nmethod 72 0x000001fdb36d5e90 code [0x000001fdb36d6020, 0x000001fdb36d6168]
Event: 0.066 Thread 0x000001fdc97f2e50   73       3       java.lang.AbstractStringBuilder::append (45 bytes)
Event: 0.066 Thread 0x000001fdc97f2e50 nmethod 73 0x000001fdb36d6210 code [0x000001fdb36d63e0, 0x000001fdb36d6728]

GC Heap History (0 events):
No events

Deoptimization events (4 events):
Event: 0.064 Thread 0x000001fdab8a4880 Uncommon trap: trap_request=0xffffff45 fr.pc=0x000001fdbabf15f4 relative=0x0000000000000074
Event: 0.064 Thread 0x000001fdab8a4880 Uncommon trap: reason=unstable_if action=reinterpret pc=0x000001fdbabf15f4 method=java.lang.String.isLatin1()Z @ 10 c2
Event: 0.064 Thread 0x000001fdab8a4880 DEOPT PACKING pc=0x000001fdbabf15f4 sp=0x00000021153fdfc0
Event: 0.064 Thread 0x000001fdab8a4880 DEOPT UNPACKING pc=0x000001fdb3175ba3 sp=0x00000021153fdf00 mode 2

Classes unloaded (0 events):
No events

Classes redefined (0 events):
No events

Internal exceptions (0 events):
No events

VM Operations (0 events):
No events

Events (20 events):
Event: 0.068 loading class javax/swing/WindowConstants done
Event: 0.068 loading class javax/accessibility/Accessible
Event: 0.068 loading class javax/accessibility/Accessible done
Event: 0.068 loading class javax/swing/RootPaneContainer
Event: 0.068 loading class javax/swing/RootPaneContainer done
Event: 0.068 loading class javax/swing/TransferHandler$HasGetTransferHandler
Event: 0.068 loading class javax/swing/TransferHandler$HasGetTransferHandler done
Event: 0.069 loading class java/awt/Frame
Event: 0.069 loading class java/awt/MenuContainer
Event: 0.069 loading class java/awt/MenuContainer done
Event: 0.069 loading class java/awt/Window
Event: 0.069 loading class java/awt/Container
Event: 0.069 loading class java/awt/Component
Event: 0.070 loading class java/awt/image/ImageObserver
Event: 0.070 loading class java/awt/image/ImageObserver done
Event: 0.070 loading class java/awt/Component done
Event: 0.070 loading class java/awt/Container done
Event: 0.070 loading class java/awt/Window done
Event: 0.070 loading class java/awt/Frame done
Event: 0.070 loading class javax/swing/JFrame done


Dynamic libraries:
0x00007ff7db310000 - 0x00007ff7db320000 	C:\Program Files\Java\jdk-17.0.5\bin\java.exe
0x00007ff826b30000 - 0x00007ff826d27000 	C:\WINDOWS\SYSTEM32\ntdll.dll
0x00007ff825400000 - 0x00007ff8254bd000 	C:\WINDOWS\System32\KERNEL32.DLL
0x00007ff824770000 - 0x00007ff824a3d000 	C:\WINDOWS\System32\KERNELBASE.dll
0x00007ff824280000 - 0x00007ff824380000 	C:\WINDOWS\System32\ucrtbase.dll
0x00007fffd1b00000 - 0x00007fffd1b1a000 	C:\Program Files\Java\jdk-17.0.5\bin\VCRUNTIME140.dll
0x00007ff81f8e0000 - 0x00007ff81f8f8000 	C:\Program Files\Java\jdk-17.0.5\bin\jli.dll
0x00007ff824b90000 - 0x00007ff824c3e000 	C:\WINDOWS\System32\ADVAPI32.dll
0x00007ff825600000 - 0x00007ff82569e000 	C:\WINDOWS\System32\msvcrt.dll
0x00007ff826010000 - 0x00007ff8260ac000 	C:\WINDOWS\System32\sechost.dll
0x00007ff825870000 - 0x00007ff825995000 	C:\WINDOWS\System32\RPCRT4.dll
0x00007ff825130000 - 0x00007ff8252d0000 	C:\WINDOWS\System32\USER32.dll
0x00007ff8244d0000 - 0x00007ff8244f2000 	C:\WINDOWS\System32\win32u.dll
0x00007ffffa260000 - 0x00007ffffa4fa000 	C:\WINDOWS\WinSxS\amd64_microsoft.windows.common-controls_6595b64144ccf1df_6.0.19041.1110_none_60b5254171f9507e\COMCTL32.dll
0x00007ff8254c0000 - 0x00007ff8254ea000 	C:\WINDOWS\System32\GDI32.dll
0x00007ff824660000 - 0x00007ff82476b000 	C:\WINDOWS\System32\gdi32full.dll
0x00007ff824380000 - 0x00007ff82441d000 	C:\WINDOWS\System32\msvcp_win.dll
0x00007ff8185a0000 - 0x00007ff8185aa000 	C:\WINDOWS\SYSTEM32\VERSION.dll
0x00007ff825830000 - 0x00007ff825860000 	C:\WINDOWS\System32\IMM32.DLL
0x00007fffd1af0000 - 0x00007fffd1afc000 	C:\Program Files\Java\jdk-17.0.5\bin\vcruntime140_1.dll
0x00007fffd1180000 - 0x00007fffd120d000 	C:\Program Files\Java\jdk-17.0.5\bin\msvcp140.dll
0x00007fffd1b20000 - 0x00007fffd26e2000 	C:\Program Files\Java\jdk-17.0.5\bin\server\jvm.dll
0x00007ff8260b0000 - 0x00007ff8260b8000 	C:\WINDOWS\System32\PSAPI.DLL
0x00007ff8062b0000 - 0x00007ff8062b9000 	C:\WINDOWS\SYSTEM32\WSOCK32.dll
0x00007ff80ed50000 - 0x00007ff80ed77000 	C:\WINDOWS\SYSTEM32\WINMM.dll
0x00007ff8260c0000 - 0x00007ff82612b000 	C:\WINDOWS\System32\WS2_32.dll
0x00007ff822d50000 - 0x00007ff822d62000 	C:\WINDOWS\SYSTEM32\kernel.appcore.dll
0x00007fffd1a70000 - 0x00007fffd1a7a000 	C:\Program Files\Java\jdk-17.0.5\bin\jimage.dll
0x00007ff8227e0000 - 0x00007ff8229c4000 	C:\WINDOWS\SYSTEM32\DBGHELP.DLL
0x00007ff80ed80000 - 0x00007ff80edac000 	C:\WINDOWS\SYSTEM32\dbgcore.DLL
0x00007ff824b00000 - 0x00007ff824b82000 	C:\WINDOWS\System32\bcryptPrimitives.dll
0x00007fffd1a80000 - 0x00007fffd1aa5000 	C:\Program Files\Java\jdk-17.0.5\bin\java.dll
0x00007fffd1990000 - 0x00007fffd1a66000 	C:\Program Files\Java\jdk-17.0.5\bin\jsvml.dll
0x00007ff8262b0000 - 0x00007ff8269f4000 	C:\WINDOWS\System32\SHELL32.dll
0x00007ff821f70000 - 0x00007ff822704000 	C:\WINDOWS\SYSTEM32\windows.storage.dll
0x00007ff825cb0000 - 0x00007ff826004000 	C:\WINDOWS\System32\combase.dll
0x00007ff823cb0000 - 0x00007ff823cdc000 	C:\WINDOWS\SYSTEM32\Wldp.dll
0x00007ff8256a0000 - 0x00007ff82574d000 	C:\WINDOWS\System32\SHCORE.dll
0x00007ff8255a0000 - 0x00007ff8255f5000 	C:\WINDOWS\System32\shlwapi.dll
0x00007ff824190000 - 0x00007ff8241af000 	C:\WINDOWS\SYSTEM32\profapi.dll

dbghelp: loaded successfully - version: 4.0.5 - missing functions: none
symbol engine: initialized successfully - sym options: 0x614 - pdb path: .;C:\Program Files\Java\jdk-17.0.5\bin;C:\WINDOWS\SYSTEM32;C:\WINDOWS\WinSxS\amd64_microsoft.windows.common-controls_6595b64144ccf1df_6.0.19041.1110_none_60b5254171f9507e;C:\Program Files\Java\jdk-17.0.5\bin\server

VM Arguments:
java_command: views.ViewCuaHangBanDienThoai
java_class_path (initial): C:\Users\TranCongHieu\Documents\DUAN11\target\classes;C:\Users\TranCongHieu\.m2\repository\org\hibernate\hibernate-core\5.6.9.Final\hibernate-core-5.6.9.Final.jar;C:\Users\TranCongHieu\.m2\repository\org\jboss\logging\jboss-logging\3.4.3.Final\jboss-logging-3.4.3.Final.jar;C:\Users\TranCongHieu\.m2\repository\javax\persistence\javax.persistence-api\2.2\javax.persistence-api-2.2.jar;C:\Users\TranCongHieu\.m2\repository\net\bytebuddy\byte-buddy\1.12.9\byte-buddy-1.12.9.jar;C:\Users\TranCongHieu\.m2\repository\antlr\antlr\2.7.7\antlr-2.7.7.jar;C:\Users\TranCongHieu\.m2\repository\org\jboss\spec\javax\transaction\jboss-transaction-api_1.2_spec\1.1.1.Final\jboss-transaction-api_1.2_spec-1.1.1.Final.jar;C:\Users\TranCongHieu\.m2\repository\org\jboss\jandex\2.4.2.Final\jandex-2.4.2.Final.jar;C:\Users\TranCongHieu\.m2\repository\com\fasterxml\classmate\1.5.1\classmate-1.5.1.jar;C:\Users\TranCongHieu\.m2\repository\javax\activation\javax.activation-api\1.2.0\javax.activation-api-1.2.0.jar;C:\Users\TranCongHieu\.m2\repository\org\hibernate\common\hibernate-commons-annotations\5.1.2.Final\hibernate-commons-annotations-5.1.2.Final.jar;C:\Users\TranCongHieu\.m2\repository\javax\xml\bind\jaxb-api\2.3.1\jaxb-api-2.3.1.jar;C:\Users\TranCongHieu\.m2\repository\org\glassfish\jaxb\jaxb-runtime\2.3.1\jaxb-runtime-2.3.1.jar;C:\Users\TranCongHieu\.m2\repository\org\glassfish\jaxb\txw2\2.3.1\txw2-2.3.1.jar;C:\Users\TranCongHieu\.m2\repository\com\sun\istack\istack-commons-runtime\3.0.7\istack-commons-runtime-3.0.7.jar;C:\Users\TranCongHieu\.m2\repository\org\jvnet\staxex\stax-ex\1.8\stax-ex-1.8.jar;C:\Users\TranCongHieu\.m2\repository\com\sun\xml\fastinfoset\FastInfoset\1.2.15\FastInfoset-1.2.15.jar;C:\Users\TranCongHieu\.m2\repository\com\microsoft\sqlserver\mssql-jdbc\9.4.1.jre8\mssql-jdbc-9.4.1.jre8.jar;C:\Users\TranCongHieu\.m2\repository\com\fasterxml\jackson\core\jackson-databind\2.13.4\jackson-databind-2.13.4.jar;C:\Users\TranCongHieu\.m2\repository\com
Launcher Type: SUN_STANDARD

[Global flags]
     intx CICompilerCount                          = 4                                         {product} {ergonomic}
     uint ConcGCThreads                            = 2                                         {product} {ergonomic}
     uint G1ConcRefinementThreads                  = 8                                         {product} {ergonomic}
   size_t G1HeapRegionSize                         = 1048576                                   {product} {ergonomic}
    uintx GCDrainStackTargetSize                   = 64                                        {product} {ergonomic}
   size_t InitialHeapSize                          = 130023424                                 {product} {ergonomic}
   size_t MarkStackSize                            = 4194304                                   {product} {ergonomic}
   size_t MaxHeapSize                              = 2076180480                                {product} {ergonomic}
   size_t MaxNewSize                               = 1245708288                                {product} {ergonomic}
   size_t MinHeapDeltaBytes                        = 1048576                                   {product} {ergonomic}
   size_t MinHeapSize                              = 8388608                                   {product} {ergonomic}
    uintx NonNMethodCodeHeapSize                   = 5839372                                {pd product} {ergonomic}
    uintx NonProfiledCodeHeapSize                  = 122909434                              {pd product} {ergonomic}
    uintx ProfiledCodeHeapSize                     = 122909434                              {pd product} {ergonomic}
    uintx ReservedCodeCacheSize                    = 251658240                              {pd product} {ergonomic}
     bool SegmentedCodeCache                       = true                                      {product} {ergonomic}
   size_t SoftMaxHeapSize                          = 2076180480                             {manageable} {ergonomic}
     bool UseCompressedClassPointers               = true                           {product lp64_product} {ergonomic}
     bool UseCompressedOops                        = true                           {product lp64_product} {ergonomic}
     bool UseG1GC                                  = true                                      {product} {ergonomic}
     bool UseLargePagesIndividualAllocation        = false                                  {pd product} {ergonomic}

Logging:
Log output configuration:
 #0: stdout all=warning uptime,level,tags
 #1: stderr all=off uptime,level,tags

Environment Variables:
JAVA_HOME=C:\Program Files\Java\jdk-17.0.5
PATH=C:\Program Files\Common Files\Oracle\Java\javapath;C:\Program Files (x86)\Common Files\Oracle\Java\javapath;C:\WINDOWS\system32;C:\WINDOWS;C:\WINDOWS\System32\Wbem;C:\WINDOWS\System32\WindowsPowerShell\v1.0\;C:\WINDOWS\System32\OpenSSH\;C:\Program Files\dotnet\;C:\Program Files\Microsoft SQL Server\Client SDK\ODBC\170\Tools\Binn\;C:\Program Files (x86)\Microsoft SQL Server\150\Tools\Binn\;C:\Program Files\Microsoft SQL Server\150\Tools\Binn\;C:\Program Files\Microsoft SQL Server\150\DTS\Binn\;C:\Program Files (x86)\Microsoft SQL Server\150\DTS\Binn\;C:\Program Files\Azure Data Studio\bin;C:\Program Files\Java\jdk-18.0.1.1\bin;C:\Program Files\Java\jdk-17.0.5\bin;C:\Users\TranCongHieu\AppData\Local\Microsoft\WindowsApps;C:\Users\TranCongHieu\AppData\Local\Programs\Microsoft VS Code\bin;C:\Program Files\Azure Data Studio\bin;C:\Users\TranCongHieu\AppData\Local\GitHubDesktop\bin
USERNAME=TranCongHieu
OS=Windows_NT
PROCESSOR_IDENTIFIER=Intel64 Family 6 Model 140 Stepping 1, GenuineIntel



---------------  S Y S T E M  ---------------

OS:
 Windows 10 , 64 bit Build 19041 (10.0.19041.1741)
OS uptime: 0 days 1:11 hours

CPU: total 8 (initial active 8) (4 cores per cpu, 2 threads per core) family 6 model 140 stepping 1 microcode 0xa4, cx8, cmov, fxsr, ht, mmx, 3dnowpref, sse, sse2, sse3, ssse3, sse4.1, sse4.2, popcnt, lzcnt, tsc, tscinvbit, avx, avx2, aes, erms, clmul, bmi1, bmi2, adx, avx512f, avx512dq, avx512cd, avx512bw, avx512vl, sha, fma, vzeroupper, avx512_vpopcntdq, avx512_vpclmulqdq, avx512_vaes, avx512_vnni, clflush, clflushopt, clwb, avx512_vbmi2, avx512_vbmi

Memory: 4k page, system-wide physical 7914M (1103M free)
TotalPageFile size 10981M (AvailPageFile size 6M)
current process WorkingSet (physical memory assigned to process): 28M, peak: 28M
current process commit charge ("private bytes"): 206M, peak: 206M

vm_info: Java HotSpot(TM) 64-Bit Server VM (17.0.5+9-LTS-191) for windows-amd64 JRE (17.0.5+9-LTS-191), built on Sep 13 2022 17:31:43 by "mach5one" with MS VC++ 16.8 / 16.9 (VS2019)

END.
