#
# There is insufficient memory for the Java Runtime Environment to continue.
# Native memory allocation (malloc) failed to allocate 335648 bytes for Chunk::new
# Possible reasons:
#   The system is out of physical RAM or swap space
#   The process is running with CompressedOops enabled, and the Java Heap may be blocking the growth of the native heap
# Possible solutions:
#   Reduce memory load on the system
#   Increase physical memory or swap space
#   Check if swap backing store is full
#   Decrease Java heap size (-Xmx/-Xms)
#   Decrease number of Java threads
#   Decrease Java thread stack sizes (-Xss)
#   Set larger code cache with -XX:ReservedCodeCacheSize=
#   JVM is running with Unscaled Compressed Oops mode in which the Java heap is
#     placed in the first 4GB address space. The Java Heap base address is the
#     maximum limit for the native heap growth. Please use -XX:HeapBaseMinAddress
#     to set the Java Heap base and to place the Java Heap above 4GB virtual address.
# This output file may be truncated or incomplete.
#
#  Out of Memory Error (arena.cpp:189), pid=13968, tid=15848
#
# JRE version: Java(TM) SE Runtime Environment (17.0.5+9) (build 17.0.5+9-LTS-191)
# Java VM: Java HotSpot(TM) 64-Bit Server VM (17.0.5+9-LTS-191, mixed mode, sharing, tiered, compressed oops, compressed class ptrs, g1 gc, windows-amd64)
# No core dump will be written. Minidumps are not enabled by default on client versions of Windows
#

---------------  S U M M A R Y ------------

Command Line: -Dclassworlds.conf=C:\Program Files\NetBeans-12.6\netbeans\java\maven\bin\..\bin\m2.conf -Dmaven.home=C:\Program Files\NetBeans-12.6\netbeans\java\maven\bin\.. -Dlibrary.jansi.path=C:\Program Files\NetBeans-12.6\netbeans\java\maven\bin\..\lib\jansi-native -Dmaven.multiModuleProjectDirectory=C:\Users\TranCongHieu\Documents\DUAN11 org.codehaus.plexus.classworlds.launcher.Launcher -Dexec.vmArgs= -Dexec.args=${exec.vmArgs} -classpath %classpath ${exec.mainClass} ${exec.appArgs} -Dexec.executable=C:\Program Files\Java\jdk-17.0.5\bin\java.exe -Dexec.mainClass=views.ViewCuaHangBanDienThoai -Dexec.classpathScope=runtime -Dexec.appArgs= -Dmaven.ext.class.path=C:\Program Files\NetBeans-12.6\netbeans\java\maven-nblib\netbeans-eventspy.jar -Dfile.encoding=UTF-8 org.codehaus.mojo:exec-maven-plugin:3.0.0:exec

Host: 11th Gen Intel(R) Core(TM) i5-1135G7 @ 2.40GHz, 8 cores, 7G,  Windows 10 , 64 bit Build 19041 (10.0.19041.1741)
Time: Tue Dec  6 21:32:32 2022 SE Asia Standard Time elapsed time: 4.195806 seconds (0d 0h 0m 4s)

---------------  T H R E A D  ---------------

Current thread (0x000001d0f8a6f860):  JavaThread "C2 CompilerThread0" daemon [_thread_in_native, id=15848, stack(0x00000043da200000,0x00000043da300000)]


Current CompileTask:
C2:   4195 3352       4       java.io.PrintStream::print (9 bytes)

Stack: [0x00000043da200000,0x00000043da300000]
Native frames: (J=compiled Java code, j=interpreted, Vv=VM code, C=native code)
V  [jvm.dll+0x672eea]
V  [jvm.dll+0x7d2a04]
V  [jvm.dll+0x7d41ae]
V  [jvm.dll+0x7d4813]
V  [jvm.dll+0x242c15]
V  [jvm.dll+0xaa57b]
V  [jvm.dll+0xaab0c]
V  [jvm.dll+0x35ff97]
V  [jvm.dll+0x1b9902]
V  [jvm.dll+0x215e19]
V  [jvm.dll+0x2150e1]
V  [jvm.dll+0x1a18ed]
V  [jvm.dll+0x22493a]
V  [jvm.dll+0x222aa5]
V  [jvm.dll+0x7885db]
V  [jvm.dll+0x782b4a]
V  [jvm.dll+0x671d75]
C  [ucrtbase.dll+0x21bb2]
C  [KERNEL32.DLL+0x17034]
C  [ntdll.dll+0x52651]


---------------  P R O C E S S  ---------------

Threads class SMR info:
_java_thread_list=0x000001d0fc2133a0, length=14, elements={
0x000001d0dab32880, 0x000001d0f8a52f30, 0x000001d0f8a55900, 0x000001d0f8a6b170,
0x000001d0f8a6ba30, 0x000001d0f8a6e300, 0x000001d0f8a6ebc0, 0x000001d0f8a6f860,
0x000001d0f8a70210, 0x000001d0f8a72730, 0x000001d0f94bb5b0, 0x000001d0f94c6d50,
0x000001d0fabe0010, 0x000001d0fa7e49a0
}

Java Threads: ( => current thread )
  0x000001d0dab32880 JavaThread "main" [_thread_in_native, id=14128, stack(0x00000043d9500000,0x00000043d9600000)]
  0x000001d0f8a52f30 JavaThread "Reference Handler" daemon [_thread_blocked, id=6368, stack(0x00000043d9c00000,0x00000043d9d00000)]
  0x000001d0f8a55900 JavaThread "Finalizer" daemon [_thread_blocked, id=10844, stack(0x00000043d9d00000,0x00000043d9e00000)]
  0x000001d0f8a6b170 JavaThread "Signal Dispatcher" daemon [_thread_blocked, id=11516, stack(0x00000043d9e00000,0x00000043d9f00000)]
  0x000001d0f8a6ba30 JavaThread "Attach Listener" daemon [_thread_blocked, id=7536, stack(0x00000043d9f00000,0x00000043da000000)]
  0x000001d0f8a6e300 JavaThread "Service Thread" daemon [_thread_blocked, id=16220, stack(0x00000043da000000,0x00000043da100000)]
  0x000001d0f8a6ebc0 JavaThread "Monitor Deflation Thread" daemon [_thread_blocked, id=11088, stack(0x00000043da100000,0x00000043da200000)]
=>0x000001d0f8a6f860 JavaThread "C2 CompilerThread0" daemon [_thread_in_native, id=15848, stack(0x00000043da200000,0x00000043da300000)]
  0x000001d0f8a70210 JavaThread "C1 CompilerThread0" daemon [_thread_blocked, id=7116, stack(0x00000043da300000,0x00000043da400000)]
  0x000001d0f8a72730 JavaThread "Sweeper thread" daemon [_thread_blocked, id=15448, stack(0x00000043da400000,0x00000043da500000)]
  0x000001d0f94bb5b0 JavaThread "Notification Thread" daemon [_thread_blocked, id=5724, stack(0x00000043da500000,0x00000043da600000)]
  0x000001d0f94c6d50 JavaThread "Common-Cleaner" daemon [_thread_blocked, id=11364, stack(0x00000043da700000,0x00000043da800000)]
  0x000001d0fabe0010 JavaThread "C2 CompilerThread1" daemon [_thread_blocked, id=2012, stack(0x00000043da800000,0x00000043da900000)]
  0x000001d0fa7e49a0 JavaThread "C2 CompilerThread2" daemon [_thread_blocked, id=16016, stack(0x00000043db000000,0x00000043db100000)]

Other Threads:
  0x000001d0f8a4b8b0 VMThread "VM Thread" [stack: 0x00000043d9b00000,0x00000043d9c00000] [id=4048]
  0x000001d0f94c4ab0 WatcherThread [stack: 0x00000043da600000,0x00000043da700000] [id=12056]
  0x000001d0dab8cb80 GCTaskThread "GC Thread#0" [stack: 0x00000043d9600000,0x00000043d9700000] [id=15612]
  0x000001d0f94d5750 GCTaskThread "GC Thread#1" [stack: 0x00000043daa00000,0x00000043dab00000] [id=15796]
  0x000001d0fa357780 GCTaskThread "GC Thread#2" [stack: 0x00000043dab00000,0x00000043dac00000] [id=8356]
  0x000001d0f9fd2d60 GCTaskThread "GC Thread#3" [stack: 0x00000043dac00000,0x00000043dad00000] [id=9452]
  0x000001d0f9f70cb0 GCTaskThread "GC Thread#4" [stack: 0x00000043dad00000,0x00000043dae00000] [id=8960]
  0x000001d0f9c9cc90 GCTaskThread "GC Thread#5" [stack: 0x00000043dae00000,0x00000043daf00000] [id=7900]
  0x000001d0f9d345d0 GCTaskThread "GC Thread#6" [stack: 0x00000043daf00000,0x00000043db000000] [id=4680]
  0x000001d0fa844c10 GCTaskThread "GC Thread#7" [stack: 0x00000043da900000,0x00000043daa00000] [id=14600]
  0x000001d0dab9d150 ConcurrentGCThread "G1 Main Marker" [stack: 0x00000043d9700000,0x00000043d9800000] [id=15756]
  0x000001d0dab9da70 ConcurrentGCThread "G1 Conc#0" [stack: 0x00000043d9800000,0x00000043d9900000] [id=7620]
  0x000001d0dac04470 ConcurrentGCThread "G1 Refine#0" [stack: 0x00000043d9900000,0x00000043d9a00000] [id=1632]
  0x000001d0f8900090 ConcurrentGCThread "G1 Service" [stack: 0x00000043d9a00000,0x00000043d9b00000] [id=12952]

Threads with active compile tasks:
C2 CompilerThread0     4203 3352       4       java.io.PrintStream::print (9 bytes)

VM state: not at safepoint (normal execution)

VM Mutex/Monitor currently owned by a thread: None

Heap address: 0x0000000084400000, size: 1980 MB, Compressed Oops mode: 32-bit

CDS archive(s) mapped at: [0x0000000800000000-0x0000000800bd0000-0x0000000800bd0000), size 12386304, SharedBaseAddress: 0x0000000800000000, ArchiveRelocationMode: 0.
Compressed class space mapped at: 0x0000000800c00000-0x0000000840c00000, reserved size: 1073741824
Narrow klass base: 0x0000000800000000, Narrow klass shift: 0, Narrow klass range: 0x100000000

GC Precious Log:
 CPUs: 8 total, 8 available
 Memory: 7914M
 Large Page Support: Disabled
 NUMA Support: Disabled
 Compressed Oops: Enabled (32-bit)
 Heap Region Size: 1M
 Heap Min Capacity: 8M
 Heap Initial Capacity: 124M
 Heap Max Capacity: 1980M
 Pre-touch: Disabled
 Parallel Workers: 8
 Concurrent Workers: 2
 Concurrent Refinement Workers: 8
 Periodic GC: Disabled

Heap:
 garbage-first heap   total 126976K, used 72365K [0x0000000084400000, 0x0000000100000000)
  region size 1024K, 69 young (70656K), 3 survivors (3072K)
 Metaspace       used 13832K, committed 14016K, reserved 1064960K
  class space    used 1576K, committed 1664K, reserved 1048576K

Heap Regions: E=young(eden), S=young(survivor), O=old, HS=humongous(starts), HC=humongous(continues), CS=collection set, F=free, OA=open archive, CA=closed archive, TAMS=top-at-mark-start (previous, next)
|   0|0x0000000084400000, 0x0000000084500000, 0x0000000084500000|100%| O|  |TAMS 0x0000000084400000, 0x0000000084400000| Untracked 
|   1|0x0000000084500000, 0x0000000084600000, 0x0000000084600000|100%| O|  |TAMS 0x0000000084500000, 0x0000000084500000| Untracked 
|   2|0x0000000084600000, 0x0000000084700000, 0x0000000084700000|100%| O|  |TAMS 0x0000000084600000, 0x0000000084600000| Untracked 
|   3|0x0000000084700000, 0x000000008476cc00, 0x0000000084800000| 42%| O|  |TAMS 0x0000000084700000, 0x0000000084700000| Untracked 
|   4|0x0000000084800000, 0x0000000084800000, 0x0000000084900000|  0%| F|  |TAMS 0x0000000084800000, 0x0000000084800000| Untracked 
|   5|0x0000000084900000, 0x0000000084900000, 0x0000000084a00000|  0%| F|  |TAMS 0x0000000084900000, 0x0000000084900000| Untracked 
|   6|0x0000000084a00000, 0x0000000084a00000, 0x0000000084b00000|  0%| F|  |TAMS 0x0000000084a00000, 0x0000000084a00000| Untracked 
|   7|0x0000000084b00000, 0x0000000084b00000, 0x0000000084c00000|  0%| F|  |TAMS 0x0000000084b00000, 0x0000000084b00000| Untracked 
|   8|0x0000000084c00000, 0x0000000084c00000, 0x0000000084d00000|  0%| F|  |TAMS 0x0000000084c00000, 0x0000000084c00000| Untracked 
|   9|0x0000000084d00000, 0x0000000084d00000, 0x0000000084e00000|  0%| F|  |TAMS 0x0000000084d00000, 0x0000000084d00000| Untracked 
|  10|0x0000000084e00000, 0x0000000084e00000, 0x0000000084f00000|  0%| F|  |TAMS 0x0000000084e00000, 0x0000000084e00000| Untracked 
|  11|0x0000000084f00000, 0x0000000084f00000, 0x0000000085000000|  0%| F|  |TAMS 0x0000000084f00000, 0x0000000084f00000| Untracked 
|  12|0x0000000085000000, 0x0000000085000000, 0x0000000085100000|  0%| F|  |TAMS 0x0000000085000000, 0x0000000085000000| Untracked 
|  13|0x0000000085100000, 0x0000000085100000, 0x0000000085200000|  0%| F|  |TAMS 0x0000000085100000, 0x0000000085100000| Untracked 
|  14|0x0000000085200000, 0x0000000085200000, 0x0000000085300000|  0%| F|  |TAMS 0x0000000085200000, 0x0000000085200000| Untracked 
|  15|0x0000000085300000, 0x0000000085300000, 0x0000000085400000|  0%| F|  |TAMS 0x0000000085300000, 0x0000000085300000| Untracked 
|  16|0x0000000085400000, 0x0000000085400000, 0x0000000085500000|  0%| F|  |TAMS 0x0000000085400000, 0x0000000085400000| Untracked 
|  17|0x0000000085500000, 0x0000000085500000, 0x0000000085600000|  0%| F|  |TAMS 0x0000000085500000, 0x0000000085500000| Untracked 
|  18|0x0000000085600000, 0x0000000085600000, 0x0000000085700000|  0%| F|  |TAMS 0x0000000085600000, 0x0000000085600000| Untracked 
|  19|0x0000000085700000, 0x0000000085700000, 0x0000000085800000|  0%| F|  |TAMS 0x0000000085700000, 0x0000000085700000| Untracked 
|  20|0x0000000085800000, 0x0000000085800000, 0x0000000085900000|  0%| F|  |TAMS 0x0000000085800000, 0x0000000085800000| Untracked 
|  21|0x0000000085900000, 0x0000000085900000, 0x0000000085a00000|  0%| F|  |TAMS 0x0000000085900000, 0x0000000085900000| Untracked 
|  22|0x0000000085a00000, 0x0000000085a00000, 0x0000000085b00000|  0%| F|  |TAMS 0x0000000085a00000, 0x0000000085a00000| Untracked 
|  23|0x0000000085b00000, 0x0000000085b00000, 0x0000000085c00000|  0%| F|  |TAMS 0x0000000085b00000, 0x0000000085b00000| Untracked 
|  24|0x0000000085c00000, 0x0000000085c00000, 0x0000000085d00000|  0%| F|  |TAMS 0x0000000085c00000, 0x0000000085c00000| Untracked 
|  25|0x0000000085d00000, 0x0000000085d00000, 0x0000000085e00000|  0%| F|  |TAMS 0x0000000085d00000, 0x0000000085d00000| Untracked 
|  26|0x0000000085e00000, 0x0000000085e00000, 0x0000000085f00000|  0%| F|  |TAMS 0x0000000085e00000, 0x0000000085e00000| Untracked 
|  27|0x0000000085f00000, 0x0000000085f00000, 0x0000000086000000|  0%| F|  |TAMS 0x0000000085f00000, 0x0000000085f00000| Untracked 
|  28|0x0000000086000000, 0x0000000086000000, 0x0000000086100000|  0%| F|  |TAMS 0x0000000086000000, 0x0000000086000000| Untracked 
|  29|0x0000000086100000, 0x0000000086100000, 0x0000000086200000|  0%| F|  |TAMS 0x0000000086100000, 0x0000000086100000| Untracked 
|  30|0x0000000086200000, 0x0000000086200000, 0x0000000086300000|  0%| F|  |TAMS 0x0000000086200000, 0x0000000086200000| Untracked 
|  31|0x0000000086300000, 0x0000000086300000, 0x0000000086400000|  0%| F|  |TAMS 0x0000000086300000, 0x0000000086300000| Untracked 
|  32|0x0000000086400000, 0x0000000086400000, 0x0000000086500000|  0%| F|  |TAMS 0x0000000086400000, 0x0000000086400000| Untracked 
|  33|0x0000000086500000, 0x0000000086500000, 0x0000000086600000|  0%| F|  |TAMS 0x0000000086500000, 0x0000000086500000| Untracked 
|  34|0x0000000086600000, 0x0000000086600000, 0x0000000086700000|  0%| F|  |TAMS 0x0000000086600000, 0x0000000086600000| Untracked 
|  35|0x0000000086700000, 0x0000000086700000, 0x0000000086800000|  0%| F|  |TAMS 0x0000000086700000, 0x0000000086700000| Untracked 
|  36|0x0000000086800000, 0x0000000086800000, 0x0000000086900000|  0%| F|  |TAMS 0x0000000086800000, 0x0000000086800000| Untracked 
|  37|0x0000000086900000, 0x0000000086900000, 0x0000000086a00000|  0%| F|  |TAMS 0x0000000086900000, 0x0000000086900000| Untracked 
|  38|0x0000000086a00000, 0x0000000086a00000, 0x0000000086b00000|  0%| F|  |TAMS 0x0000000086a00000, 0x0000000086a00000| Untracked 
|  39|0x0000000086b00000, 0x0000000086b00000, 0x0000000086c00000|  0%| F|  |TAMS 0x0000000086b00000, 0x0000000086b00000| Untracked 
|  40|0x0000000086c00000, 0x0000000086c00000, 0x0000000086d00000|  0%| F|  |TAMS 0x0000000086c00000, 0x0000000086c00000| Untracked 
|  41|0x0000000086d00000, 0x0000000086d00000, 0x0000000086e00000|  0%| F|  |TAMS 0x0000000086d00000, 0x0000000086d00000| Untracked 
|  42|0x0000000086e00000, 0x0000000086e00000, 0x0000000086f00000|  0%| F|  |TAMS 0x0000000086e00000, 0x0000000086e00000| Untracked 
|  43|0x0000000086f00000, 0x0000000086f00000, 0x0000000087000000|  0%| F|  |TAMS 0x0000000086f00000, 0x0000000086f00000| Untracked 
|  44|0x0000000087000000, 0x0000000087000000, 0x0000000087100000|  0%| F|  |TAMS 0x0000000087000000, 0x0000000087000000| Untracked 
|  45|0x0000000087100000, 0x0000000087100000, 0x0000000087200000|  0%| F|  |TAMS 0x0000000087100000, 0x0000000087100000| Untracked 
|  46|0x0000000087200000, 0x0000000087200000, 0x0000000087300000|  0%| F|  |TAMS 0x0000000087200000, 0x0000000087200000| Untracked 
|  47|0x0000000087300000, 0x0000000087300000, 0x0000000087400000|  0%| F|  |TAMS 0x0000000087300000, 0x0000000087300000| Untracked 
|  48|0x0000000087400000, 0x0000000087400000, 0x0000000087500000|  0%| F|  |TAMS 0x0000000087400000, 0x0000000087400000| Untracked 
|  49|0x0000000087500000, 0x0000000087500000, 0x0000000087600000|  0%| F|  |TAMS 0x0000000087500000, 0x0000000087500000| Untracked 
|  50|0x0000000087600000, 0x0000000087600000, 0x0000000087700000|  0%| F|  |TAMS 0x0000000087600000, 0x0000000087600000| Untracked 
|  51|0x0000000087700000, 0x0000000087700000, 0x0000000087800000|  0%| F|  |TAMS 0x0000000087700000, 0x0000000087700000| Untracked 
|  52|0x0000000087800000, 0x0000000087800000, 0x0000000087900000|  0%| F|  |TAMS 0x0000000087800000, 0x0000000087800000| Untracked 
|  53|0x0000000087900000, 0x0000000087900000, 0x0000000087a00000|  0%| F|  |TAMS 0x0000000087900000, 0x0000000087900000| Untracked 
|  54|0x0000000087a00000, 0x0000000087a00000, 0x0000000087b00000|  0%| F|  |TAMS 0x0000000087a00000, 0x0000000087a00000| Untracked 
|  55|0x0000000087b00000, 0x0000000087b80800, 0x0000000087c00000| 50%| E|  |TAMS 0x0000000087b00000, 0x0000000087b00000| Complete 
|  56|0x0000000087c00000, 0x0000000087d00000, 0x0000000087d00000|100%| E|CS|TAMS 0x0000000087c00000, 0x0000000087c00000| Complete 
|  57|0x0000000087d00000, 0x0000000087e00000, 0x0000000087e00000|100%| E|CS|TAMS 0x0000000087d00000, 0x0000000087d00000| Complete 
|  58|0x0000000087e00000, 0x0000000087f00000, 0x0000000087f00000|100%| E|CS|TAMS 0x0000000087e00000, 0x0000000087e00000| Complete 
|  59|0x0000000087f00000, 0x0000000088000000, 0x0000000088000000|100%| E|CS|TAMS 0x0000000087f00000, 0x0000000087f00000| Complete 
|  60|0x0000000088000000, 0x0000000088100000, 0x0000000088100000|100%| E|CS|TAMS 0x0000000088000000, 0x0000000088000000| Complete 
|  61|0x0000000088100000, 0x0000000088200000, 0x0000000088200000|100%| E|CS|TAMS 0x0000000088100000, 0x0000000088100000| Complete 
|  62|0x0000000088200000, 0x0000000088300000, 0x0000000088300000|100%| E|CS|TAMS 0x0000000088200000, 0x0000000088200000| Complete 
|  63|0x0000000088300000, 0x0000000088400000, 0x0000000088400000|100%| E|CS|TAMS 0x0000000088300000, 0x0000000088300000| Complete 
|  64|0x0000000088400000, 0x0000000088500000, 0x0000000088500000|100%| E|CS|TAMS 0x0000000088400000, 0x0000000088400000| Complete 
|  65|0x0000000088500000, 0x0000000088600000, 0x0000000088600000|100%| E|CS|TAMS 0x0000000088500000, 0x0000000088500000| Complete 
|  66|0x0000000088600000, 0x0000000088700000, 0x0000000088700000|100%| E|CS|TAMS 0x0000000088600000, 0x0000000088600000| Complete 
|  67|0x0000000088700000, 0x0000000088800000, 0x0000000088800000|100%| E|CS|TAMS 0x0000000088700000, 0x0000000088700000| Complete 
|  68|0x0000000088800000, 0x0000000088900000, 0x0000000088900000|100%| E|CS|TAMS 0x0000000088800000, 0x0000000088800000| Complete 
|  69|0x0000000088900000, 0x0000000088a00000, 0x0000000088a00000|100%| E|CS|TAMS 0x0000000088900000, 0x0000000088900000| Complete 
|  70|0x0000000088a00000, 0x0000000088b00000, 0x0000000088b00000|100%| E|CS|TAMS 0x0000000088a00000, 0x0000000088a00000| Complete 
|  71|0x0000000088b00000, 0x0000000088c00000, 0x0000000088c00000|100%| E|CS|TAMS 0x0000000088b00000, 0x0000000088b00000| Complete 
|  72|0x0000000088c00000, 0x0000000088d00000, 0x0000000088d00000|100%| E|CS|TAMS 0x0000000088c00000, 0x0000000088c00000| Complete 
|  73|0x0000000088d00000, 0x0000000088e00000, 0x0000000088e00000|100%| E|CS|TAMS 0x0000000088d00000, 0x0000000088d00000| Complete 
|  74|0x0000000088e00000, 0x0000000088f00000, 0x0000000088f00000|100%| E|CS|TAMS 0x0000000088e00000, 0x0000000088e00000| Complete 
|  75|0x0000000088f00000, 0x0000000089000000, 0x0000000089000000|100%| E|CS|TAMS 0x0000000088f00000, 0x0000000088f00000| Complete 
|  76|0x0000000089000000, 0x0000000089100000, 0x0000000089100000|100%| E|CS|TAMS 0x0000000089000000, 0x0000000089000000| Complete 
|  77|0x0000000089100000, 0x0000000089200000, 0x0000000089200000|100%| E|CS|TAMS 0x0000000089100000, 0x0000000089100000| Complete 
|  78|0x0000000089200000, 0x0000000089300000, 0x0000000089300000|100%| E|CS|TAMS 0x0000000089200000, 0x0000000089200000| Complete 
|  79|0x0000000089300000, 0x0000000089400000, 0x0000000089400000|100%| E|CS|TAMS 0x0000000089300000, 0x0000000089300000| Complete 
|  80|0x0000000089400000, 0x0000000089500000, 0x0000000089500000|100%| E|CS|TAMS 0x0000000089400000, 0x0000000089400000| Complete 
|  81|0x0000000089500000, 0x0000000089600000, 0x0000000089600000|100%| E|CS|TAMS 0x0000000089500000, 0x0000000089500000| Complete 
|  82|0x0000000089600000, 0x0000000089700000, 0x0000000089700000|100%| E|CS|TAMS 0x0000000089600000, 0x0000000089600000| Complete 
|  83|0x0000000089700000, 0x0000000089800000, 0x0000000089800000|100%| E|CS|TAMS 0x0000000089700000, 0x0000000089700000| Complete 
|  84|0x0000000089800000, 0x0000000089900000, 0x0000000089900000|100%| E|CS|TAMS 0x0000000089800000, 0x0000000089800000| Complete 
|  85|0x0000000089900000, 0x0000000089a00000, 0x0000000089a00000|100%| E|CS|TAMS 0x0000000089900000, 0x0000000089900000| Complete 
|  86|0x0000000089a00000, 0x0000000089b00000, 0x0000000089b00000|100%| E|CS|TAMS 0x0000000089a00000, 0x0000000089a00000| Complete 
|  87|0x0000000089b00000, 0x0000000089b3e8a0, 0x0000000089c00000| 24%| S|CS|TAMS 0x0000000089b00000, 0x0000000089b00000| Complete 
|  88|0x0000000089c00000, 0x0000000089d00000, 0x0000000089d00000|100%| S|CS|TAMS 0x0000000089c00000, 0x0000000089c00000| Complete 
|  89|0x0000000089d00000, 0x0000000089e00000, 0x0000000089e00000|100%| S|CS|TAMS 0x0000000089d00000, 0x0000000089d00000| Complete 
|  90|0x0000000089e00000, 0x0000000089f00000, 0x0000000089f00000|100%| E|CS|TAMS 0x0000000089e00000, 0x0000000089e00000| Complete 
|  91|0x0000000089f00000, 0x000000008a000000, 0x000000008a000000|100%| E|CS|TAMS 0x0000000089f00000, 0x0000000089f00000| Complete 
|  92|0x000000008a000000, 0x000000008a100000, 0x000000008a100000|100%| E|CS|TAMS 0x000000008a000000, 0x000000008a000000| Complete 
|  93|0x000000008a100000, 0x000000008a200000, 0x000000008a200000|100%| E|CS|TAMS 0x000000008a100000, 0x000000008a100000| Complete 
|  94|0x000000008a200000, 0x000000008a300000, 0x000000008a300000|100%| E|CS|TAMS 0x000000008a200000, 0x000000008a200000| Complete 
|  95|0x000000008a300000, 0x000000008a400000, 0x000000008a400000|100%| E|CS|TAMS 0x000000008a300000, 0x000000008a300000| Complete 
|  96|0x000000008a400000, 0x000000008a500000, 0x000000008a500000|100%| E|CS|TAMS 0x000000008a400000, 0x000000008a400000| Complete 
|  97|0x000000008a500000, 0x000000008a600000, 0x000000008a600000|100%| E|CS|TAMS 0x000000008a500000, 0x000000008a500000| Complete 
|  98|0x000000008a600000, 0x000000008a700000, 0x000000008a700000|100%| E|CS|TAMS 0x000000008a600000, 0x000000008a600000| Complete 
|  99|0x000000008a700000, 0x000000008a800000, 0x000000008a800000|100%| E|CS|TAMS 0x000000008a700000, 0x000000008a700000| Complete 
| 100|0x000000008a800000, 0x000000008a900000, 0x000000008a900000|100%| E|CS|TAMS 0x000000008a800000, 0x000000008a800000| Complete 
| 101|0x000000008a900000, 0x000000008aa00000, 0x000000008aa00000|100%| E|CS|TAMS 0x000000008a900000, 0x000000008a900000| Complete 
| 102|0x000000008aa00000, 0x000000008ab00000, 0x000000008ab00000|100%| E|CS|TAMS 0x000000008aa00000, 0x000000008aa00000| Complete 
| 103|0x000000008ab00000, 0x000000008ac00000, 0x000000008ac00000|100%| E|CS|TAMS 0x000000008ab00000, 0x000000008ab00000| Complete 
| 104|0x000000008ac00000, 0x000000008ad00000, 0x000000008ad00000|100%| E|CS|TAMS 0x000000008ac00000, 0x000000008ac00000| Complete 
| 105|0x000000008ad00000, 0x000000008ae00000, 0x000000008ae00000|100%| E|CS|TAMS 0x000000008ad00000, 0x000000008ad00000| Complete 
| 106|0x000000008ae00000, 0x000000008af00000, 0x000000008af00000|100%| E|CS|TAMS 0x000000008ae00000, 0x000000008ae00000| Complete 
| 107|0x000000008af00000, 0x000000008b000000, 0x000000008b000000|100%| E|CS|TAMS 0x000000008af00000, 0x000000008af00000| Complete 
| 108|0x000000008b000000, 0x000000008b100000, 0x000000008b100000|100%| E|CS|TAMS 0x000000008b000000, 0x000000008b000000| Complete 
| 109|0x000000008b100000, 0x000000008b200000, 0x000000008b200000|100%| E|CS|TAMS 0x000000008b100000, 0x000000008b100000| Complete 
| 110|0x000000008b200000, 0x000000008b300000, 0x000000008b300000|100%| E|CS|TAMS 0x000000008b200000, 0x000000008b200000| Complete 
| 111|0x000000008b300000, 0x000000008b400000, 0x000000008b400000|100%| E|CS|TAMS 0x000000008b300000, 0x000000008b300000| Complete 
| 112|0x000000008b400000, 0x000000008b500000, 0x000000008b500000|100%| E|CS|TAMS 0x000000008b400000, 0x000000008b400000| Complete 
| 113|0x000000008b500000, 0x000000008b600000, 0x000000008b600000|100%| E|CS|TAMS 0x000000008b500000, 0x000000008b500000| Complete 
| 114|0x000000008b600000, 0x000000008b700000, 0x000000008b700000|100%| E|CS|TAMS 0x000000008b600000, 0x000000008b600000| Complete 
| 115|0x000000008b700000, 0x000000008b800000, 0x000000008b800000|100%| E|CS|TAMS 0x000000008b700000, 0x000000008b700000| Complete 
| 116|0x000000008b800000, 0x000000008b900000, 0x000000008b900000|100%| E|CS|TAMS 0x000000008b800000, 0x000000008b800000| Complete 
| 117|0x000000008b900000, 0x000000008ba00000, 0x000000008ba00000|100%| E|CS|TAMS 0x000000008b900000, 0x000000008b900000| Complete 
| 118|0x000000008ba00000, 0x000000008bb00000, 0x000000008bb00000|100%| E|CS|TAMS 0x000000008ba00000, 0x000000008ba00000| Complete 
| 119|0x000000008bb00000, 0x000000008bc00000, 0x000000008bc00000|100%| E|CS|TAMS 0x000000008bb00000, 0x000000008bb00000| Complete 
| 120|0x000000008bc00000, 0x000000008bd00000, 0x000000008bd00000|100%| E|CS|TAMS 0x000000008bc00000, 0x000000008bc00000| Complete 
| 121|0x000000008bd00000, 0x000000008be00000, 0x000000008be00000|100%| E|CS|TAMS 0x000000008bd00000, 0x000000008bd00000| Complete 
| 122|0x000000008be00000, 0x000000008bf00000, 0x000000008bf00000|100%| E|CS|TAMS 0x000000008be00000, 0x000000008be00000| Complete 
| 123|0x000000008bf00000, 0x000000008c000000, 0x000000008c000000|100%| E|CS|TAMS 0x000000008bf00000, 0x000000008bf00000| Complete 

Card table byte_map: [0x000001d0f1ad0000,0x000001d0f1eb0000] _byte_map_base: 0x000001d0f16ae000

Marking Bits (Prev, Next): (CMBitMap*) 0x000001d0dab8d0a0, (CMBitMap*) 0x000001d0dab8d0e0
 Prev Bits: [0x000001d0f2290000, 0x000001d0f4180000)
 Next Bits: [0x000001d0f4180000, 0x000001d0f6070000)

Polling page: 0x000001d0d8af0000

Metaspace:

Usage:
  Non-class:     11.98 MB used.
      Class:      1.54 MB used.
       Both:     13.52 MB used.

Virtual space:
  Non-class space:       16.00 MB reserved,      12.06 MB ( 75%) committed,  2 nodes.
      Class space:        1.00 GB reserved,       1.62 MB ( <1%) committed,  1 nodes.
             Both:        1.02 GB reserved,      13.69 MB (  1%) committed. 

Chunk freelists:
   Non-Class:  2.84 MB
       Class:  2.41 MB
        Both:  5.25 MB

MaxMetaspaceSize: unlimited
CompressedClassSpaceSize: 1.00 GB
Initial GC threshold: 21.00 MB
Current GC threshold: 21.00 MB
CDS: on
MetaspaceReclaimPolicy: balanced
 - commit_granule_bytes: 65536.
 - commit_granule_words: 8192.
 - virtual_space_node_default_size: 1048576.
 - enlarge_chunks_in_place: 1.
 - new_chunks_are_fully_committed: 0.
 - uncommit_free_chunks: 1.
 - use_allocation_guard: 0.
 - handle_deallocations: 1.


Internal statistics:

num_allocs_failed_limit: 0.
num_arena_births: 72.
num_arena_deaths: 0.
num_vsnodes_births: 3.
num_vsnodes_deaths: 0.
num_space_committed: 219.
num_space_uncommitted: 0.
num_chunks_returned_to_freelist: 0.
num_chunks_taken_from_freelist: 547.
num_chunk_merges: 0.
num_chunk_splits: 393.
num_chunks_enlarged: 310.
num_purges: 0.
num_inconsistent_stats: 0.

CodeHeap 'non-profiled nmethods': size=120000Kb used=1798Kb max_used=1798Kb free=118201Kb
 bounds [0x000001d0e9e80000, 0x000001d0ea0f0000, 0x000001d0f13b0000]
CodeHeap 'profiled nmethods': size=120000Kb used=6744Kb max_used=6744Kb free=113255Kb
 bounds [0x000001d0e2950000, 0x000001d0e2ff0000, 0x000001d0e9e80000]
CodeHeap 'non-nmethods': size=5760Kb used=1186Kb max_used=1256Kb free=4573Kb
 bounds [0x000001d0e23b0000, 0x000001d0e2620000, 0x000001d0e2950000]
 total_blobs=3849 nmethods=3385 adapters=376
 compilation: enabled
              stopped_count=0, restarted_count=0
 full_count=0

Compilation events (20 events):
Event: 4.081 Thread 0x000001d0f8a70210 3361       3       java.util.Formatter$FixedString::print (26 bytes)
Event: 4.081 Thread 0x000001d0f8a70210 nmethod 3361 0x000001d0e2fceb90 code [0x000001d0e2fced40, 0x000001d0e2fcef28]
Event: 4.081 Thread 0x000001d0f8a70210 3362       3       org.fusesource.jansi.FilterPrintStream::write (24 bytes)
Event: 4.081 Thread 0x000001d0f8a70210 nmethod 3362 0x000001d0e2fcf010 code [0x000001d0e2fcf1e0, 0x000001d0e2fcf5f8]
Event: 4.083 Thread 0x000001d0f8a70210 3365       3       org.fusesource.jansi.Ansi::a (17 bytes)
Event: 4.083 Thread 0x000001d0f8a70210 nmethod 3365 0x000001d0e2fcf810 code [0x000001d0e2fcfa20, 0x000001d0e2fd0208]
Event: 4.083 Thread 0x000001d0f8a70210 3366   !   3       org.fusesource.jansi.AnsiPrintStream::processEscapeCommand (965 bytes)
Event: 4.087 Thread 0x000001d0fa7e49a0 nmethod 3207 0x000001d0ea022590 code [0x000001d0ea022780, 0x000001d0ea023308]
Event: 4.087 Thread 0x000001d0fa7e49a0 3355   !   4       java.io.BufferedWriter::write (117 bytes)
Event: 4.089 Thread 0x000001d0f8a70210 nmethod 3366 0x000001d0e2fd0510 code [0x000001d0e2fd10a0, 0x000001d0e2fda5b8]
Event: 4.089 Thread 0x000001d0f8a70210 3367       3       org.fusesource.jansi.AnsiPrintStream::reset (43 bytes)
Event: 4.090 Thread 0x000001d0f8a70210 nmethod 3367 0x000001d0e2fde290 code [0x000001d0e2fde440, 0x000001d0e2fde738]
Event: 4.092 Thread 0x000001d0fa7e49a0 nmethod 3355 0x000001d0ea023790 code [0x000001d0ea023920, 0x000001d0ea024038]
Event: 4.092 Thread 0x000001d0fa7e49a0 3356       4       java.lang.StringCoding::implEncodeAsciiArray (47 bytes)
Event: 4.094 Thread 0x000001d0fa7e49a0 nmethod 3356 0x000001d0ea024610 code [0x000001d0ea024780, 0x000001d0ea024918]
Event: 4.094 Thread 0x000001d0fa7e49a0 3350  s    4       java.io.BufferedOutputStream::flush (12 bytes)
Event: 4.096 Thread 0x000001d0fa7e49a0 nmethod 3350 0x000001d0ea024a90 code [0x000001d0ea024c20, 0x000001d0ea024f88]
Event: 4.096 Thread 0x000001d0fa7e49a0 3348   !   4       java.io.PrintStream::write (83 bytes)
Event: 4.100 Thread 0x000001d0f8a6f860 nmethod 3204 0x000001d0ea025190 code [0x000001d0ea0254c0, 0x000001d0ea029410]
Event: 4.101 Thread 0x000001d0f8a6f860 3352       4       java.io.PrintStream::print (9 bytes)

GC Heap History (4 events):
Event: 0.832 GC heap before
{Heap before GC invocations=0 (full 0):
 garbage-first heap   total 126976K, used 23552K [0x0000000084400000, 0x0000000100000000)
  region size 1024K, 23 young (23552K), 0 survivors (0K)
 Metaspace       used 4801K, committed 4928K, reserved 1056768K
  class space    used 560K, committed 640K, reserved 1048576K
}
Event: 0.839 GC heap after
{Heap after GC invocations=1 (full 0):
 garbage-first heap   total 126976K, used 3632K [0x0000000084400000, 0x0000000100000000)
  region size 1024K, 3 young (3072K), 3 survivors (3072K)
 Metaspace       used 4801K, committed 4928K, reserved 1056768K
  class space    used 560K, committed 640K, reserved 1048576K
}
Event: 1.811 GC heap before
{Heap before GC invocations=1 (full 0):
 garbage-first heap   total 126976K, used 35376K [0x0000000084400000, 0x0000000100000000)
  region size 1024K, 34 young (34816K), 3 survivors (3072K)
 Metaspace       used 9843K, committed 9984K, reserved 1064960K
  class space    used 1213K, committed 1280K, reserved 1048576K
}
Event: 1.827 GC heap after
{Heap after GC invocations=2 (full 0):
 garbage-first heap   total 126976K, used 5805K [0x0000000084400000, 0x0000000100000000)
  region size 1024K, 3 young (3072K), 3 survivors (3072K)
 Metaspace       used 9843K, committed 9984K, reserved 1064960K
  class space    used 1213K, committed 1280K, reserved 1048576K
}

Deoptimization events (20 events):
Event: 3.910 Thread 0x000001d0dab32880 Uncommon trap: trap_request=0xffffffde fr.pc=0x000001d0e9f4e38c relative=0x000000000000006c
Event: 3.910 Thread 0x000001d0dab32880 Uncommon trap: reason=class_check action=maybe_recompile pc=0x000001d0e9f4e38c method=com.google.inject.internal.LinkedBindingImpl.acceptTargetVisitor(Lcom/google/inject/spi/BindingTargetVisitor;)Ljava/lang/Object; @ 2 c2
Event: 3.910 Thread 0x000001d0dab32880 DEOPT PACKING pc=0x000001d0e9f4e38c sp=0x00000043d95fd9f0
Event: 3.910 Thread 0x000001d0dab32880 DEOPT UNPACKING pc=0x000001d0e2405ba3 sp=0x00000043d95fd978 mode 2
Event: 3.991 Thread 0x000001d0dab32880 Uncommon trap: trap_request=0xffffffde fr.pc=0x000001d0e9f4e38c relative=0x000000000000006c
Event: 3.991 Thread 0x000001d0dab32880 Uncommon trap: reason=class_check action=maybe_recompile pc=0x000001d0e9f4e38c method=com.google.inject.internal.LinkedBindingImpl.acceptTargetVisitor(Lcom/google/inject/spi/BindingTargetVisitor;)Ljava/lang/Object; @ 2 c2
Event: 3.991 Thread 0x000001d0dab32880 DEOPT PACKING pc=0x000001d0e9f4e38c sp=0x00000043d95fd9f0
Event: 3.991 Thread 0x000001d0dab32880 DEOPT UNPACKING pc=0x000001d0e2405ba3 sp=0x00000043d95fd978 mode 2
Event: 3.991 Thread 0x000001d0dab32880 Uncommon trap: trap_request=0xffffffde fr.pc=0x000001d0e9f4e38c relative=0x000000000000006c
Event: 3.991 Thread 0x000001d0dab32880 Uncommon trap: reason=class_check action=maybe_recompile pc=0x000001d0e9f4e38c method=com.google.inject.internal.LinkedBindingImpl.acceptTargetVisitor(Lcom/google/inject/spi/BindingTargetVisitor;)Ljava/lang/Object; @ 2 c2
Event: 3.991 Thread 0x000001d0dab32880 DEOPT PACKING pc=0x000001d0e9f4e38c sp=0x00000043d95fd9f0
Event: 3.991 Thread 0x000001d0dab32880 DEOPT UNPACKING pc=0x000001d0e2405ba3 sp=0x00000043d95fd978 mode 2
Event: 4.000 Thread 0x000001d0dab32880 Uncommon trap: trap_request=0xffffff54 fr.pc=0x000001d0e9fd8d64 relative=0x0000000000000344
Event: 4.000 Thread 0x000001d0dab32880 Uncommon trap: reason=speculate_null_assert action=make_not_entrant pc=0x000001d0e9fd8d64 method=org.eclipse.sisu.inject.RankedBindings$Itr.hasNext()Z @ 80 c2
Event: 4.000 Thread 0x000001d0dab32880 DEOPT PACKING pc=0x000001d0e9fd8d64 sp=0x00000043d95fde40
Event: 4.000 Thread 0x000001d0dab32880 DEOPT UNPACKING pc=0x000001d0e2405ba3 sp=0x00000043d95fde18 mode 2
Event: 4.030 Thread 0x000001d0dab32880 DEOPT PACKING pc=0x000001d0e2a0a8b4 sp=0x00000043d95f81c0
Event: 4.030 Thread 0x000001d0dab32880 DEOPT UNPACKING pc=0x000001d0e24066e3 sp=0x00000043d95f75f8 mode 0
Event: 4.030 Thread 0x000001d0dab32880 DEOPT PACKING pc=0x000001d0e2a0a4cc sp=0x00000043d95f8230
Event: 4.030 Thread 0x000001d0dab32880 DEOPT UNPACKING pc=0x000001d0e24066e3 sp=0x00000043d95f76d8 mode 0

Classes unloaded (0 events):
No events

Classes redefined (0 events):
No events

Internal exceptions (16 events):
Event: 0.660 Thread 0x000001d0dab32880 Exception <a 'java/lang/NoSuchMethodError'{0x000000008b199100}: 'java.lang.Object java.lang.invoke.DirectMethodHandle$Holder.newInvokeSpecial(java.lang.Object, java.lang.Object, java.lang.Object, java.lang.Object, java.lang.Object)'> (0x000000008b199100) 
thrown [s\open\src\hotspot\share\interpreter\linkResolver.cpp, line 759]
Event: 1.744 Thread 0x000001d0dab32880 Exception <a 'java/lang/NoClassDefFoundError'{0x0000000089f61998}: com/google/inject/servlet/ServletModuleTargetVisitor> (0x0000000089f61998) 
thrown [s\open\src\hotspot\share\classfile\systemDictionary.cpp, line 245]
Event: 1.745 Thread 0x000001d0dab32880 Exception <a 'java/lang/NoClassDefFoundError'{0x0000000089f638a8}: javax/annotation/Priority> (0x0000000089f638a8) 
thrown [s\open\src\hotspot\share\classfile\systemDictionary.cpp, line 245]
Event: 1.866 Thread 0x000001d0dab32880 Exception <a 'java/lang/NoSuchMethodError'{0x000000008be45b40}: 'java.lang.Object java.lang.invoke.DirectMethodHandle$Holder.invokeStaticInit(java.lang.Object, int, int, int, int)'> (0x000000008be45b40) 
thrown [s\open\src\hotspot\share\interpreter\linkResolver.cpp, line 759]
Event: 2.622 Thread 0x000001d0dab32880 Implicit null exception at 0x000001d0e9f0cd58 to 0x000001d0e9f0cdee
Event: 2.622 Thread 0x000001d0dab32880 Implicit null exception at 0x000001d0e9f2d2ea to 0x000001d0e9f2d49c
Event: 2.622 Thread 0x000001d0dab32880 Implicit null exception at 0x000001d0e9f2688f to 0x000001d0e9f26909
Event: 3.219 Thread 0x000001d0dab32880 Implicit null exception at 0x000001d0e9ef40ea to 0x000001d0e9ef42a4
Event: 3.945 Thread 0x000001d0dab32880 Exception <a 'java/lang/NoClassDefFoundError'{0x000000008814a2d8}: org/sonatype/aether/resolution/ArtifactResolutionException> (0x000000008814a2d8) 
thrown [s\open\src\hotspot\share\classfile\systemDictionary.cpp, line 245]
Event: 3.952 Thread 0x000001d0dab32880 Exception <a 'java/lang/NoClassDefFoundError'{0x000000008816bfe8}: org/sonatype/aether/deployment/DeploymentException> (0x000000008816bfe8) 
thrown [s\open\src\hotspot\share\classfile\systemDictionary.cpp, line 245]
Event: 3.953 Thread 0x000001d0dab32880 Exception <a 'java/lang/NoClassDefFoundError'{0x0000000088179788}: org/sonatype/aether/artifact/Artifact> (0x0000000088179788) 
thrown [s\open\src\hotspot\share\classfile\systemDictionary.cpp, line 245]
Event: 3.962 Thread 0x000001d0dab32880 Exception <a 'java/lang/NoClassDefFoundError'{0x00000000881c4760}: org/sonatype/aether/installation/InstallationException> (0x00000000881c4760) 
thrown [s\open\src\hotspot\share\classfile\systemDictionary.cpp, line 245]
Event: 3.966 Thread 0x000001d0dab32880 Exception <a 'java/lang/NoClassDefFoundError'{0x00000000881f03a8}: org/sonatype/aether/collection/DependencyCollectionException> (0x00000000881f03a8) 
thrown [s\open\src\hotspot\share\classfile\systemDictionary.cpp, line 245]
Event: 3.976 Thread 0x000001d0dab32880 Exception <a 'java/lang/NoClassDefFoundError'{0x0000000088049e58}: org/sonatype/aether/resolution/ArtifactDescriptorException> (0x0000000088049e58) 
thrown [s\open\src\hotspot\share\classfile\systemDictionary.cpp, line 245]
Event: 3.980 Thread 0x000001d0dab32880 Exception <a 'java/lang/NoClassDefFoundError'{0x000000008806f6d8}: org/sonatype/aether/artifact/Artifact> (0x000000008806f6d8) 
thrown [s\open\src\hotspot\share\classfile\systemDictionary.cpp, line 245]
Event: 4.067 Thread 0x000001d0dab32880 Exception <a 'java/io/IOException'{0x0000000087edb020}: CreateProcess error=1455, The paging file is too small for this operation to complete> (0x0000000087edb020) 
thrown [s\open\src\hotspot\share\prims\jni.cpp, line 535]

VM Operations (20 events):
Event: 1.718 Executing VM operation: HandshakeAllThreads
Event: 1.718 Executing VM operation: HandshakeAllThreads done
Event: 1.811 Executing VM operation: G1CollectForAllocation
Event: 1.827 Executing VM operation: G1CollectForAllocation done
Event: 1.853 Executing VM operation: HandshakeAllThreads
Event: 1.853 Executing VM operation: HandshakeAllThreads done
Event: 1.898 Executing VM operation: HandshakeAllThreads
Event: 1.898 Executing VM operation: HandshakeAllThreads done
Event: 2.675 Executing VM operation: ICBufferFull
Event: 2.675 Executing VM operation: ICBufferFull done
Event: 3.224 Executing VM operation: ICBufferFull
Event: 3.224 Executing VM operation: ICBufferFull done
Event: 3.791 Executing VM operation: ICBufferFull
Event: 3.791 Executing VM operation: ICBufferFull done
Event: 3.827 Executing VM operation: HandshakeAllThreads
Event: 3.827 Executing VM operation: HandshakeAllThreads done
Event: 3.923 Executing VM operation: HandshakeAllThreads
Event: 3.923 Executing VM operation: HandshakeAllThreads done
Event: 4.030 Executing VM operation: HandshakeAllThreads
Event: 4.030 Executing VM operation: HandshakeAllThreads done

Events (20 events):
Event: 3.922 loading class java/util/zip/DeflaterOutputStream done
Event: 3.922 loading class java/util/zip/ZipOutputStream done
Event: 3.922 loading class java/util/jar/JarOutputStream done
Event: 3.922 loading class java/io/FileWriter
Event: 3.922 loading class java/io/FileWriter done
Event: 3.973 loading class java/beans/IntrospectionException
Event: 3.973 loading class java/beans/IntrospectionException done
Event: 4.022 loading class java/net/URISyntaxException
Event: 4.023 loading class java/net/URISyntaxException done
Event: 4.036 loading class jdk/internal/reflect/UnsafeBooleanFieldAccessorImpl
Event: 4.036 loading class jdk/internal/reflect/UnsafeBooleanFieldAccessorImpl done
Event: 4.047 loading class jdk/internal/reflect/UnsafeIntegerFieldAccessorImpl
Event: 4.047 loading class jdk/internal/reflect/UnsafeIntegerFieldAccessorImpl done
Event: 4.063 loading class java/lang/ProcessBuilder
Event: 4.063 loading class java/lang/ProcessBuilder done
Event: 4.063 loading class java/lang/ProcessImpl
Event: 4.064 loading class java/lang/Process
Event: 4.064 loading class java/lang/Process done
Event: 4.064 loading class java/lang/ProcessImpl done
Event: 4.065 Thread 0x000001d0fa7e49a0 Thread added: 0x000001d0fa7e49a0


Dynamic libraries:
0x00007ff78b180000 - 0x00007ff78b190000 	C:\Program Files\Java\jdk-17.0.5\bin\java.exe
0x00007fff01a90000 - 0x00007fff01c87000 	C:\WINDOWS\SYSTEM32\ntdll.dll
0x00007ffeffe30000 - 0x00007ffeffeed000 	C:\WINDOWS\System32\KERNEL32.DLL
0x00007ffeff470000 - 0x00007ffeff73d000 	C:\WINDOWS\System32\KERNELBASE.dll
0x00007ffeff370000 - 0x00007ffeff470000 	C:\WINDOWS\System32\ucrtbase.dll
0x00007ffef63e0000 - 0x00007ffef63fa000 	C:\Program Files\Java\jdk-17.0.5\bin\VCRUNTIME140.dll
0x00007ffefa7f0000 - 0x00007ffefa808000 	C:\Program Files\Java\jdk-17.0.5\bin\jli.dll
0x00007fff00240000 - 0x00007fff002ee000 	C:\WINDOWS\System32\ADVAPI32.dll
0x00007ffeffaf0000 - 0x00007ffeffb8e000 	C:\WINDOWS\System32\msvcrt.dll
0x00007fff00a90000 - 0x00007fff00b2c000 	C:\WINDOWS\System32\sechost.dll
0x00007fff00bc0000 - 0x00007fff00ce5000 	C:\WINDOWS\System32\RPCRT4.dll
0x00007fff000a0000 - 0x00007fff00240000 	C:\WINDOWS\System32\USER32.dll
0x00007ffeffac0000 - 0x00007ffeffae2000 	C:\WINDOWS\System32\win32u.dll
0x00007ffeffd10000 - 0x00007ffeffd3a000 	C:\WINDOWS\System32\GDI32.dll
0x00007ffeff7b0000 - 0x00007ffeff8bb000 	C:\WINDOWS\System32\gdi32full.dll
0x00007ffeff8c0000 - 0x00007ffeff95d000 	C:\WINDOWS\System32\msvcp_win.dll
0x00007ffed9fa0000 - 0x00007ffeda23a000 	C:\WINDOWS\WinSxS\amd64_microsoft.windows.common-controls_6595b64144ccf1df_6.0.19041.1110_none_60b5254171f9507e\COMCTL32.dll
0x00007ffef4480000 - 0x00007ffef448a000 	C:\WINDOWS\SYSTEM32\VERSION.dll
0x00007fff00b30000 - 0x00007fff00b60000 	C:\WINDOWS\System32\IMM32.DLL
0x00007ffef8dc0000 - 0x00007ffef8dcc000 	C:\Program Files\Java\jdk-17.0.5\bin\vcruntime140_1.dll
0x00007ffed0fc0000 - 0x00007ffed104d000 	C:\Program Files\Java\jdk-17.0.5\bin\msvcp140.dll
0x00007ffe7bb80000 - 0x00007ffe7c742000 	C:\Program Files\Java\jdk-17.0.5\bin\server\jvm.dll
0x00007ffeffd40000 - 0x00007ffeffd48000 	C:\WINDOWS\System32\PSAPI.DLL
0x00007ffef8ef0000 - 0x00007ffef8ef9000 	C:\WINDOWS\SYSTEM32\WSOCK32.dll
0x00007fff014c0000 - 0x00007fff0152b000 	C:\WINDOWS\System32\WS2_32.dll
0x00007ffef1350000 - 0x00007ffef1377000 	C:\WINDOWS\SYSTEM32\WINMM.dll
0x00007ffefda90000 - 0x00007ffefdaa2000 	C:\WINDOWS\SYSTEM32\kernel.appcore.dll
0x00007ffef8d40000 - 0x00007ffef8d4a000 	C:\Program Files\Java\jdk-17.0.5\bin\jimage.dll
0x00007ffefd740000 - 0x00007ffefd924000 	C:\WINDOWS\SYSTEM32\DBGHELP.DLL
0x00007ffef1ca0000 - 0x00007ffef1ccc000 	C:\WINDOWS\SYSTEM32\dbgcore.DLL
0x00007ffeff2b0000 - 0x00007ffeff332000 	C:\WINDOWS\System32\bcryptPrimitives.dll
0x00007ffedd0a0000 - 0x00007ffedd0c5000 	C:\Program Files\Java\jdk-17.0.5\bin\java.dll
0x00007ffed3520000 - 0x00007ffed35f6000 	C:\Program Files\Java\jdk-17.0.5\bin\jsvml.dll
0x00007fff00cf0000 - 0x00007fff01434000 	C:\WINDOWS\System32\SHELL32.dll
0x00007ffefced0000 - 0x00007ffefd664000 	C:\WINDOWS\SYSTEM32\windows.storage.dll
0x00007fff00720000 - 0x00007fff00a74000 	C:\WINDOWS\System32\combase.dll
0x00007ffefec10000 - 0x00007ffefec3c000 	C:\WINDOWS\SYSTEM32\Wldp.dll
0x00007ffeffc60000 - 0x00007ffeffd0d000 	C:\WINDOWS\System32\SHCORE.dll
0x00007fff003d0000 - 0x00007fff00425000 	C:\WINDOWS\System32\shlwapi.dll
0x00007ffeff0f0000 - 0x00007ffeff10f000 	C:\WINDOWS\SYSTEM32\profapi.dll
0x00007ffef1c40000 - 0x00007ffef1c59000 	C:\Program Files\Java\jdk-17.0.5\bin\net.dll
0x00007ffef9f90000 - 0x00007ffefa09a000 	C:\WINDOWS\SYSTEM32\WINHTTP.dll
0x00007ffefe970000 - 0x00007ffefe9da000 	C:\WINDOWS\system32\mswsock.dll
0x00007ffedac80000 - 0x00007ffedac96000 	C:\Program Files\Java\jdk-17.0.5\bin\nio.dll
0x00007ffed7fe0000 - 0x00007ffed7ff8000 	C:\Program Files\Java\jdk-17.0.5\bin\zip.dll
0x00007ffef66b0000 - 0x00007ffef66c0000 	C:\Program Files\Java\jdk-17.0.5\bin\verify.dll
0x00007ffefa8c0000 - 0x00007ffefa8ca000 	C:\Program Files\NetBeans-12.6\netbeans\java\maven\lib\jansi-native\windows64\jansi.dll

dbghelp: loaded successfully - version: 4.0.5 - missing functions: none
symbol engine: initialized successfully - sym options: 0x614 - pdb path: .;C:\Program Files\Java\jdk-17.0.5\bin;C:\WINDOWS\SYSTEM32;C:\WINDOWS\WinSxS\amd64_microsoft.windows.common-controls_6595b64144ccf1df_6.0.19041.1110_none_60b5254171f9507e;C:\Program Files\Java\jdk-17.0.5\bin\server;C:\Program Files\NetBeans-12.6\netbeans\java\maven\lib\jansi-native\windows64

VM Arguments:
jvm_args: -Dclassworlds.conf=C:\Program Files\NetBeans-12.6\netbeans\java\maven\bin\..\bin\m2.conf -Dmaven.home=C:\Program Files\NetBeans-12.6\netbeans\java\maven\bin\.. -Dlibrary.jansi.path=C:\Program Files\NetBeans-12.6\netbeans\java\maven\bin\..\lib\jansi-native -Dmaven.multiModuleProjectDirectory=C:\Users\TranCongHieu\Documents\DUAN11 
java_command: org.codehaus.plexus.classworlds.launcher.Launcher -Dexec.vmArgs= -Dexec.args=${exec.vmArgs} -classpath %classpath ${exec.mainClass} ${exec.appArgs} -Dexec.executable=C:\Program Files\Java\jdk-17.0.5\bin\java.exe -Dexec.mainClass=views.ViewCuaHangBanDienThoai -Dexec.classpathScope=runtime -Dexec.appArgs= -Dmaven.ext.class.path=C:\Program Files\NetBeans-12.6\netbeans\java\maven-nblib\netbeans-eventspy.jar -Dfile.encoding=UTF-8 org.codehaus.mojo:exec-maven-plugin:3.0.0:exec
java_class_path (initial): C:\Program Files\NetBeans-12.6\netbeans\java\maven\bin\..\boot\plexus-classworlds-2.6.0.jar
Launcher Type: SUN_STANDARD

[Global flags]
     intx CICompilerCount                          = 4                                         {product} {ergonomic}
     uint ConcGCThreads                            = 2                                         {product} {ergonomic}
     uint G1ConcRefinementThreads                  = 8                                         {product} {ergonomic}
   size_t G1HeapRegionSize                         = 1048576                                   {product} {ergonomic}
    uintx GCDrainStackTargetSize                   = 64                                        {product} {ergonomic}
   size_t InitialHeapSize                          = 130023424                                 {product} {ergonomic}
   size_t MarkStackSize                            = 4194304                                   {product} {ergonomic}
   size_t MaxHeapSize                              = 2076180480                                {product} {ergonomic}
   size_t MaxNewSize                               = 1245708288                                {product} {ergonomic}
   size_t MinHeapDeltaBytes                        = 1048576                                   {product} {ergonomic}
   size_t MinHeapSize                              = 8388608                                   {product} {ergonomic}
    uintx NonNMethodCodeHeapSize                   = 5839372                                {pd product} {ergonomic}
    uintx NonProfiledCodeHeapSize                  = 122909434                              {pd product} {ergonomic}
    uintx ProfiledCodeHeapSize                     = 122909434                              {pd product} {ergonomic}
    uintx ReservedCodeCacheSize                    = 251658240                              {pd product} {ergonomic}
     bool SegmentedCodeCache                       = true                                      {product} {ergonomic}
   size_t SoftMaxHeapSize                          = 2076180480                             {manageable} {ergonomic}
     bool UseCompressedClassPointers               = true                           {product lp64_product} {ergonomic}
     bool UseCompressedOops                        = true                           {product lp64_product} {ergonomic}
     bool UseG1GC                                  = true                                      {product} {ergonomic}
     bool UseLargePagesIndividualAllocation        = false                                  {pd product} {ergonomic}

Logging:
Log output configuration:
 #0: stdout all=warning uptime,level,tags
 #1: stderr all=off uptime,level,tags

Environment Variables:
JAVA_HOME=C:\Program Files\Java\jdk-17.0.5
PATH=C:\Program Files\Common Files\Oracle\Java\javapath;C:\Program Files (x86)\Common Files\Oracle\Java\javapath;C:\WINDOWS\system32;C:\WINDOWS;C:\WINDOWS\System32\Wbem;C:\WINDOWS\System32\WindowsPowerShell\v1.0\;C:\WINDOWS\System32\OpenSSH\;C:\Program Files\dotnet\;C:\Program Files\Microsoft SQL Server\Client SDK\ODBC\170\Tools\Binn\;C:\Program Files (x86)\Microsoft SQL Server\150\Tools\Binn\;C:\Program Files\Microsoft SQL Server\150\Tools\Binn\;C:\Program Files\Microsoft SQL Server\150\DTS\Binn\;C:\Program Files (x86)\Microsoft SQL Server\150\DTS\Binn\;C:\Program Files\Azure Data Studio\bin;C:\Program Files\Java\jdk-18.0.1.1\bin;C:\Program Files\Java\jdk-17.0.5\bin;C:\Users\TranCongHieu\AppData\Local\Microsoft\WindowsApps;C:\Users\TranCongHieu\AppData\Local\Programs\Microsoft VS Code\bin;C:\Program Files\Azure Data Studio\bin;C:\Users\TranCongHieu\AppData\Local\GitHubDesktop\bin
USERNAME=TranCongHieu
OS=Windows_NT
PROCESSOR_IDENTIFIER=Intel64 Family 6 Model 140 Stepping 1, GenuineIntel



---------------  S Y S T E M  ---------------

OS:
 Windows 10 , 64 bit Build 19041 (10.0.19041.1741)
OS uptime: 1 days 1:50 hours

CPU: total 8 (initial active 8) (4 cores per cpu, 2 threads per core) family 6 model 140 stepping 1 microcode 0xa4, cx8, cmov, fxsr, ht, mmx, 3dnowpref, sse, sse2, sse3, ssse3, sse4.1, sse4.2, popcnt, lzcnt, tsc, tscinvbit, avx, avx2, aes, erms, clmul, bmi1, bmi2, adx, avx512f, avx512dq, avx512cd, avx512bw, avx512vl, sha, fma, vzeroupper, avx512_vpopcntdq, avx512_vpclmulqdq, avx512_vaes, avx512_vnni, clflush, clflushopt, clwb, avx512_vbmi2, avx512_vbmi

Memory: 4k page, system-wide physical 7914M (794M free)
TotalPageFile size 11249M (AvailPageFile size 19M)
current process WorkingSet (physical memory assigned to process): 160M, peak: 163M
current process commit charge ("private bytes"): 260M, peak: 264M

vm_info: Java HotSpot(TM) 64-Bit Server VM (17.0.5+9-LTS-191) for windows-amd64 JRE (17.0.5+9-LTS-191), built on Sep 13 2022 17:31:43 by "mach5one" with MS VC++ 16.8 / 16.9 (VS2019)

END.
