#
# There is insufficient memory for the Java Runtime Environment to continue.
# Native memory allocation (malloc) failed to allocate 1723408 bytes for Chunk::new
# Possible reasons:
#   The system is out of physical RAM or swap space
#   The process is running with CompressedOops enabled, and the Java Heap may be blocking the growth of the native heap
# Possible solutions:
#   Reduce memory load on the system
#   Increase physical memory or swap space
#   Check if swap backing store is full
#   Decrease Java heap size (-Xmx/-Xms)
#   Decrease number of Java threads
#   Decrease Java thread stack sizes (-Xss)
#   Set larger code cache with -XX:ReservedCodeCacheSize=
#   JVM is running with Unscaled Compressed Oops mode in which the Java heap is
#     placed in the first 4GB address space. The Java Heap base address is the
#     maximum limit for the native heap growth. Please use -XX:HeapBaseMinAddress
#     to set the Java Heap base and to place the Java Heap above 4GB virtual address.
# This output file may be truncated or incomplete.
#
#  Out of Memory Error (arena.cpp:189), pid=13612, tid=7984
#
# JRE version: Java(TM) SE Runtime Environment (17.0.5+9) (build 17.0.5+9-LTS-191)
# Java VM: Java HotSpot(TM) 64-Bit Server VM (17.0.5+9-LTS-191, mixed mode, sharing, tiered, compressed oops, compressed class ptrs, g1 gc, windows-amd64)
# No core dump will be written. Minidumps are not enabled by default on client versions of Windows
#

---------------  S U M M A R Y ------------

Command Line: -Dclassworlds.conf=C:\Program Files\NetBeans-12.6\netbeans\java\maven\bin\..\bin\m2.conf -Dmaven.home=C:\Program Files\NetBeans-12.6\netbeans\java\maven\bin\.. -Dlibrary.jansi.path=C:\Program Files\NetBeans-12.6\netbeans\java\maven\bin\..\lib\jansi-native -Dmaven.multiModuleProjectDirectory=C:\Users\TranCongHieu\Documents\DUAN11 org.codehaus.plexus.classworlds.launcher.Launcher -Dexec.vmArgs= -Dexec.args=${exec.vmArgs} -classpath %classpath ${exec.mainClass} ${exec.appArgs} -Dexec.executable=C:\Program Files\Java\jdk-17.0.5\bin\java.exe -Dexec.mainClass=views.ViewCuaHangBanDienThoai -Dexec.classpathScope=runtime -Dexec.appArgs= -Dmaven.ext.class.path=C:\Program Files\NetBeans-12.6\netbeans\java\maven-nblib\netbeans-eventspy.jar -Dfile.encoding=UTF-8 org.codehaus.mojo:exec-maven-plugin:3.0.0:exec

Host: 11th Gen Intel(R) Core(TM) i5-1135G7 @ 2.40GHz, 8 cores, 7G,  Windows 10 , 64 bit Build 19041 (10.0.19041.1741)
Time: Wed Dec  7 16:04:45 2022 SE Asia Standard Time elapsed time: 4.333715 seconds (0d 0h 0m 4s)

---------------  T H R E A D  ---------------

Current thread (0x000001ecc410f160):  JavaThread "C2 CompilerThread0" daemon [_thread_in_native, id=7984, stack(0x0000006f23c00000,0x0000006f23d00000)]


Current CompileTask:
C2:   4334 3092   !   4       org.codehaus.plexus.interpolation.StringSearchInterpolator::interpolate (650 bytes)

Stack: [0x0000006f23c00000,0x0000006f23d00000]
Native frames: (J=compiled Java code, j=interpreted, Vv=VM code, C=native code)
V  [jvm.dll+0x672eea]
V  [jvm.dll+0x7d2a04]
V  [jvm.dll+0x7d41ae]
V  [jvm.dll+0x7d4813]
V  [jvm.dll+0x242c15]
V  [jvm.dll+0xaa57b]
V  [jvm.dll+0xaab0c]
V  [jvm.dll+0x35ff97]
V  [jvm.dll+0x32a631]
V  [jvm.dll+0x329ada]
V  [jvm.dll+0x215cc1]
V  [jvm.dll+0x2150e1]
V  [jvm.dll+0x1a18ed]
V  [jvm.dll+0x22493a]
V  [jvm.dll+0x222aa5]
V  [jvm.dll+0x7885db]
V  [jvm.dll+0x782b4a]
V  [jvm.dll+0x671d75]
C  [ucrtbase.dll+0x21bb2]
C  [KERNEL32.DLL+0x17034]
C  [ntdll.dll+0x52651]


---------------  P R O C E S S  ---------------

Threads class SMR info:
_java_thread_list=0x000001ecc608d6b0, length=13, elements={
0x000001eca61d2460, 0x000001ecc40f10f0, 0x000001ecc40f3ac0, 0x000001ecc410a2d0,
0x000001ecc410ab90, 0x000001ecc410d460, 0x000001ecc410dd20, 0x000001ecc410f160,
0x000001ecc4127e90, 0x000001ecc4168320, 0x000001ecc4cb4470, 0x000001ecc4cc3dd0,
0x000001ecc608ce50
}

Java Threads: ( => current thread )
  0x000001eca61d2460 JavaThread "main" [_thread_in_Java, id=14164, stack(0x0000006f22e00000,0x0000006f22f00000)]
  0x000001ecc40f10f0 JavaThread "Reference Handler" daemon [_thread_blocked, id=14116, stack(0x0000006f23600000,0x0000006f23700000)]
  0x000001ecc40f3ac0 JavaThread "Finalizer" daemon [_thread_blocked, id=10056, stack(0x0000006f23700000,0x0000006f23800000)]
  0x000001ecc410a2d0 JavaThread "Signal Dispatcher" daemon [_thread_blocked, id=14136, stack(0x0000006f23800000,0x0000006f23900000)]
  0x000001ecc410ab90 JavaThread "Attach Listener" daemon [_thread_blocked, id=916, stack(0x0000006f23900000,0x0000006f23a00000)]
  0x000001ecc410d460 JavaThread "Service Thread" daemon [_thread_blocked, id=10840, stack(0x0000006f23a00000,0x0000006f23b00000)]
  0x000001ecc410dd20 JavaThread "Monitor Deflation Thread" daemon [_thread_blocked, id=12824, stack(0x0000006f23b00000,0x0000006f23c00000)]
=>0x000001ecc410f160 JavaThread "C2 CompilerThread0" daemon [_thread_in_native, id=7984, stack(0x0000006f23c00000,0x0000006f23d00000)]
  0x000001ecc4127e90 JavaThread "C1 CompilerThread0" daemon [_thread_in_native, id=13544, stack(0x0000006f23d00000,0x0000006f23e00000)]
  0x000001ecc4168320 JavaThread "Sweeper thread" daemon [_thread_blocked, id=13356, stack(0x0000006f23e00000,0x0000006f23f00000)]
  0x000001ecc4cb4470 JavaThread "Notification Thread" daemon [_thread_blocked, id=14284, stack(0x0000006f23f00000,0x0000006f24000000)]
  0x000001ecc4cc3dd0 JavaThread "Common-Cleaner" daemon [_thread_blocked, id=2580, stack(0x0000006f24100000,0x0000006f24200000)]
  0x000001ecc608ce50 JavaThread "C2 CompilerThread1" daemon [_thread_in_native, id=6312, stack(0x0000006f24300000,0x0000006f24400000)]

Other Threads:
  0x000001ecc40e92d0 VMThread "VM Thread" [stack: 0x0000006f23500000,0x0000006f23600000] [id=9164]
  0x000001ecc4cb8950 WatcherThread [stack: 0x0000006f24000000,0x0000006f24100000] [id=12412]
  0x000001eca622c0d0 GCTaskThread "GC Thread#0" [stack: 0x0000006f23000000,0x0000006f23100000] [id=8232]
  0x000001ecc6044d00 GCTaskThread "GC Thread#1" [stack: 0x0000006f24400000,0x0000006f24500000] [id=9456]
  0x000001ecc5cfd960 GCTaskThread "GC Thread#2" [stack: 0x0000006f24500000,0x0000006f24600000] [id=5040]
  0x000001ecc5cfdc10 GCTaskThread "GC Thread#3" [stack: 0x0000006f24600000,0x0000006f24700000] [id=13440]
  0x000001ecc5459970 GCTaskThread "GC Thread#4" [stack: 0x0000006f24700000,0x0000006f24800000] [id=6172]
  0x000001ecc5459c20 GCTaskThread "GC Thread#5" [stack: 0x0000006f24800000,0x0000006f24900000] [id=532]
  0x000001ecc5b385c0 GCTaskThread "GC Thread#6" [stack: 0x0000006f24900000,0x0000006f24a00000] [id=13172]
  0x000001ecc588e0f0 GCTaskThread "GC Thread#7" [stack: 0x0000006f24200000,0x0000006f24300000] [id=2524]
  0x000001eca623c6a0 ConcurrentGCThread "G1 Main Marker" [stack: 0x0000006f23100000,0x0000006f23200000] [id=14176]
  0x000001eca623cfd0 ConcurrentGCThread "G1 Conc#0" [stack: 0x0000006f23200000,0x0000006f23300000] [id=1404]
  0x000001eca62a6860 ConcurrentGCThread "G1 Refine#0" [stack: 0x0000006f23300000,0x0000006f23400000] [id=13212]
  0x000001eca62a7190 ConcurrentGCThread "G1 Service" [stack: 0x0000006f23400000,0x0000006f23500000] [id=4136]

Threads with active compile tasks:
C2 CompilerThread0     4361 3092   !   4       org.codehaus.plexus.interpolation.StringSearchInterpolator::interpolate (650 bytes)
C2 CompilerThread1     4361 3182       4       org.codehaus.plexus.util.xml.Xpp3DomBuilder::build (413 bytes)

VM state: not at safepoint (normal execution)

VM Mutex/Monitor currently owned by a thread: None

Heap address: 0x0000000084400000, size: 1980 MB, Compressed Oops mode: 32-bit

CDS archive(s) mapped at: [0x0000000800000000-0x0000000800bd0000-0x0000000800bd0000), size 12386304, SharedBaseAddress: 0x0000000800000000, ArchiveRelocationMode: 0.
Compressed class space mapped at: 0x0000000800c00000-0x0000000840c00000, reserved size: 1073741824
Narrow klass base: 0x0000000800000000, Narrow klass shift: 0, Narrow klass range: 0x100000000

GC Precious Log:
 CPUs: 8 total, 8 available
 Memory: 7914M
 Large Page Support: Disabled
 NUMA Support: Disabled
 Compressed Oops: Enabled (32-bit)
 Heap Region Size: 1M
 Heap Min Capacity: 8M
 Heap Initial Capacity: 124M
 Heap Max Capacity: 1980M
 Pre-touch: Disabled
 Parallel Workers: 8
 Concurrent Workers: 2
 Concurrent Refinement Workers: 8
 Periodic GC: Disabled

Heap:
 garbage-first heap   total 126976K, used 64004K [0x0000000084400000, 0x0000000100000000)
  region size 1024K, 60 young (61440K), 2 survivors (2048K)
 Metaspace       used 13088K, committed 13248K, reserved 1064960K
  class space    used 1478K, committed 1536K, reserved 1048576K

Heap Regions: E=young(eden), S=young(survivor), O=old, HS=humongous(starts), HC=humongous(continues), CS=collection set, F=free, OA=open archive, CA=closed archive, TAMS=top-at-mark-start (previous, next)
|   0|0x0000000084400000, 0x0000000084500000, 0x0000000084500000|100%| O|  |TAMS 0x0000000084400000, 0x0000000084400000| Untracked 
|   1|0x0000000084500000, 0x0000000084600000, 0x0000000084600000|100%| O|  |TAMS 0x0000000084500000, 0x0000000084500000| Untracked 
|   2|0x0000000084600000, 0x0000000084700000, 0x0000000084700000|100%| O|  |TAMS 0x0000000084600000, 0x0000000084600000| Untracked 
|   3|0x0000000084700000, 0x0000000084781200, 0x0000000084800000| 50%| O|  |TAMS 0x0000000084700000, 0x0000000084700000| Untracked 
|   4|0x0000000084800000, 0x0000000084800000, 0x0000000084900000|  0%| F|  |TAMS 0x0000000084800000, 0x0000000084800000| Untracked 
|   5|0x0000000084900000, 0x0000000084900000, 0x0000000084a00000|  0%| F|  |TAMS 0x0000000084900000, 0x0000000084900000| Untracked 
|   6|0x0000000084a00000, 0x0000000084a00000, 0x0000000084b00000|  0%| F|  |TAMS 0x0000000084a00000, 0x0000000084a00000| Untracked 
|   7|0x0000000084b00000, 0x0000000084b00000, 0x0000000084c00000|  0%| F|  |TAMS 0x0000000084b00000, 0x0000000084b00000| Untracked 
|   8|0x0000000084c00000, 0x0000000084c00000, 0x0000000084d00000|  0%| F|  |TAMS 0x0000000084c00000, 0x0000000084c00000| Untracked 
|   9|0x0000000084d00000, 0x0000000084d00000, 0x0000000084e00000|  0%| F|  |TAMS 0x0000000084d00000, 0x0000000084d00000| Untracked 
|  10|0x0000000084e00000, 0x0000000084e00000, 0x0000000084f00000|  0%| F|  |TAMS 0x0000000084e00000, 0x0000000084e00000| Untracked 
|  11|0x0000000084f00000, 0x0000000084f00000, 0x0000000085000000|  0%| F|  |TAMS 0x0000000084f00000, 0x0000000084f00000| Untracked 
|  12|0x0000000085000000, 0x0000000085000000, 0x0000000085100000|  0%| F|  |TAMS 0x0000000085000000, 0x0000000085000000| Untracked 
|  13|0x0000000085100000, 0x0000000085100000, 0x0000000085200000|  0%| F|  |TAMS 0x0000000085100000, 0x0000000085100000| Untracked 
|  14|0x0000000085200000, 0x0000000085200000, 0x0000000085300000|  0%| F|  |TAMS 0x0000000085200000, 0x0000000085200000| Untracked 
|  15|0x0000000085300000, 0x0000000085300000, 0x0000000085400000|  0%| F|  |TAMS 0x0000000085300000, 0x0000000085300000| Untracked 
|  16|0x0000000085400000, 0x0000000085400000, 0x0000000085500000|  0%| F|  |TAMS 0x0000000085400000, 0x0000000085400000| Untracked 
|  17|0x0000000085500000, 0x0000000085500000, 0x0000000085600000|  0%| F|  |TAMS 0x0000000085500000, 0x0000000085500000| Untracked 
|  18|0x0000000085600000, 0x0000000085600000, 0x0000000085700000|  0%| F|  |TAMS 0x0000000085600000, 0x0000000085600000| Untracked 
|  19|0x0000000085700000, 0x0000000085700000, 0x0000000085800000|  0%| F|  |TAMS 0x0000000085700000, 0x0000000085700000| Untracked 
|  20|0x0000000085800000, 0x0000000085800000, 0x0000000085900000|  0%| F|  |TAMS 0x0000000085800000, 0x0000000085800000| Untracked 
|  21|0x0000000085900000, 0x0000000085900000, 0x0000000085a00000|  0%| F|  |TAMS 0x0000000085900000, 0x0000000085900000| Untracked 
|  22|0x0000000085a00000, 0x0000000085a00000, 0x0000000085b00000|  0%| F|  |TAMS 0x0000000085a00000, 0x0000000085a00000| Untracked 
|  23|0x0000000085b00000, 0x0000000085b00000, 0x0000000085c00000|  0%| F|  |TAMS 0x0000000085b00000, 0x0000000085b00000| Untracked 
|  24|0x0000000085c00000, 0x0000000085c00000, 0x0000000085d00000|  0%| F|  |TAMS 0x0000000085c00000, 0x0000000085c00000| Untracked 
|  25|0x0000000085d00000, 0x0000000085d00000, 0x0000000085e00000|  0%| F|  |TAMS 0x0000000085d00000, 0x0000000085d00000| Untracked 
|  26|0x0000000085e00000, 0x0000000085e00000, 0x0000000085f00000|  0%| F|  |TAMS 0x0000000085e00000, 0x0000000085e00000| Untracked 
|  27|0x0000000085f00000, 0x0000000085f00000, 0x0000000086000000|  0%| F|  |TAMS 0x0000000085f00000, 0x0000000085f00000| Untracked 
|  28|0x0000000086000000, 0x0000000086000000, 0x0000000086100000|  0%| F|  |TAMS 0x0000000086000000, 0x0000000086000000| Untracked 
|  29|0x0000000086100000, 0x0000000086100000, 0x0000000086200000|  0%| F|  |TAMS 0x0000000086100000, 0x0000000086100000| Untracked 
|  30|0x0000000086200000, 0x0000000086200000, 0x0000000086300000|  0%| F|  |TAMS 0x0000000086200000, 0x0000000086200000| Untracked 
|  31|0x0000000086300000, 0x0000000086300000, 0x0000000086400000|  0%| F|  |TAMS 0x0000000086300000, 0x0000000086300000| Untracked 
|  32|0x0000000086400000, 0x0000000086400000, 0x0000000086500000|  0%| F|  |TAMS 0x0000000086400000, 0x0000000086400000| Untracked 
|  33|0x0000000086500000, 0x0000000086500000, 0x0000000086600000|  0%| F|  |TAMS 0x0000000086500000, 0x0000000086500000| Untracked 
|  34|0x0000000086600000, 0x0000000086600000, 0x0000000086700000|  0%| F|  |TAMS 0x0000000086600000, 0x0000000086600000| Untracked 
|  35|0x0000000086700000, 0x0000000086700000, 0x0000000086800000|  0%| F|  |TAMS 0x0000000086700000, 0x0000000086700000| Untracked 
|  36|0x0000000086800000, 0x0000000086800000, 0x0000000086900000|  0%| F|  |TAMS 0x0000000086800000, 0x0000000086800000| Untracked 
|  37|0x0000000086900000, 0x0000000086900000, 0x0000000086a00000|  0%| F|  |TAMS 0x0000000086900000, 0x0000000086900000| Untracked 
|  38|0x0000000086a00000, 0x0000000086a00000, 0x0000000086b00000|  0%| F|  |TAMS 0x0000000086a00000, 0x0000000086a00000| Untracked 
|  39|0x0000000086b00000, 0x0000000086b00000, 0x0000000086c00000|  0%| F|  |TAMS 0x0000000086b00000, 0x0000000086b00000| Untracked 
|  40|0x0000000086c00000, 0x0000000086c00000, 0x0000000086d00000|  0%| F|  |TAMS 0x0000000086c00000, 0x0000000086c00000| Untracked 
|  41|0x0000000086d00000, 0x0000000086d00000, 0x0000000086e00000|  0%| F|  |TAMS 0x0000000086d00000, 0x0000000086d00000| Untracked 
|  42|0x0000000086e00000, 0x0000000086e00000, 0x0000000086f00000|  0%| F|  |TAMS 0x0000000086e00000, 0x0000000086e00000| Untracked 
|  43|0x0000000086f00000, 0x0000000086f00000, 0x0000000087000000|  0%| F|  |TAMS 0x0000000086f00000, 0x0000000086f00000| Untracked 
|  44|0x0000000087000000, 0x0000000087000000, 0x0000000087100000|  0%| F|  |TAMS 0x0000000087000000, 0x0000000087000000| Untracked 
|  45|0x0000000087100000, 0x0000000087100000, 0x0000000087200000|  0%| F|  |TAMS 0x0000000087100000, 0x0000000087100000| Untracked 
|  46|0x0000000087200000, 0x0000000087200000, 0x0000000087300000|  0%| F|  |TAMS 0x0000000087200000, 0x0000000087200000| Untracked 
|  47|0x0000000087300000, 0x0000000087300000, 0x0000000087400000|  0%| F|  |TAMS 0x0000000087300000, 0x0000000087300000| Untracked 
|  48|0x0000000087400000, 0x0000000087400000, 0x0000000087500000|  0%| F|  |TAMS 0x0000000087400000, 0x0000000087400000| Untracked 
|  49|0x0000000087500000, 0x0000000087500000, 0x0000000087600000|  0%| F|  |TAMS 0x0000000087500000, 0x0000000087500000| Untracked 
|  50|0x0000000087600000, 0x0000000087600000, 0x0000000087700000|  0%| F|  |TAMS 0x0000000087600000, 0x0000000087600000| Untracked 
|  51|0x0000000087700000, 0x0000000087700000, 0x0000000087800000|  0%| F|  |TAMS 0x0000000087700000, 0x0000000087700000| Untracked 
|  52|0x0000000087800000, 0x0000000087800000, 0x0000000087900000|  0%| F|  |TAMS 0x0000000087800000, 0x0000000087800000| Untracked 
|  53|0x0000000087900000, 0x0000000087900000, 0x0000000087a00000|  0%| F|  |TAMS 0x0000000087900000, 0x0000000087900000| Untracked 
|  54|0x0000000087a00000, 0x0000000087a00000, 0x0000000087b00000|  0%| F|  |TAMS 0x0000000087a00000, 0x0000000087a00000| Untracked 
|  55|0x0000000087b00000, 0x0000000087b00000, 0x0000000087c00000|  0%| F|  |TAMS 0x0000000087b00000, 0x0000000087b00000| Untracked 
|  56|0x0000000087c00000, 0x0000000087c00000, 0x0000000087d00000|  0%| F|  |TAMS 0x0000000087c00000, 0x0000000087c00000| Untracked 
|  57|0x0000000087d00000, 0x0000000087d00000, 0x0000000087e00000|  0%| F|  |TAMS 0x0000000087d00000, 0x0000000087d00000| Untracked 
|  58|0x0000000087e00000, 0x0000000087e00000, 0x0000000087f00000|  0%| F|  |TAMS 0x0000000087e00000, 0x0000000087e00000| Untracked 
|  59|0x0000000087f00000, 0x0000000087f00000, 0x0000000088000000|  0%| F|  |TAMS 0x0000000087f00000, 0x0000000087f00000| Untracked 
|  60|0x0000000088000000, 0x0000000088000000, 0x0000000088100000|  0%| F|  |TAMS 0x0000000088000000, 0x0000000088000000| Untracked 
|  61|0x0000000088100000, 0x0000000088100000, 0x0000000088200000|  0%| F|  |TAMS 0x0000000088100000, 0x0000000088100000| Untracked 
|  62|0x0000000088200000, 0x0000000088200000, 0x0000000088300000|  0%| F|  |TAMS 0x0000000088200000, 0x0000000088200000| Untracked 
|  63|0x0000000088300000, 0x0000000088300000, 0x0000000088400000|  0%| F|  |TAMS 0x0000000088300000, 0x0000000088300000| Untracked 
|  64|0x0000000088400000, 0x0000000088500000, 0x0000000088500000|100%| E|  |TAMS 0x0000000088400000, 0x0000000088400000| Complete 
|  65|0x0000000088500000, 0x0000000088600000, 0x0000000088600000|100%| E|CS|TAMS 0x0000000088500000, 0x0000000088500000| Complete 
|  66|0x0000000088600000, 0x0000000088700000, 0x0000000088700000|100%| E|CS|TAMS 0x0000000088600000, 0x0000000088600000| Complete 
|  67|0x0000000088700000, 0x0000000088800000, 0x0000000088800000|100%| E|CS|TAMS 0x0000000088700000, 0x0000000088700000| Complete 
|  68|0x0000000088800000, 0x0000000088900000, 0x0000000088900000|100%| E|CS|TAMS 0x0000000088800000, 0x0000000088800000| Complete 
|  69|0x0000000088900000, 0x0000000088a00000, 0x0000000088a00000|100%| E|CS|TAMS 0x0000000088900000, 0x0000000088900000| Complete 
|  70|0x0000000088a00000, 0x0000000088b00000, 0x0000000088b00000|100%| E|CS|TAMS 0x0000000088a00000, 0x0000000088a00000| Complete 
|  71|0x0000000088b00000, 0x0000000088c00000, 0x0000000088c00000|100%| E|CS|TAMS 0x0000000088b00000, 0x0000000088b00000| Complete 
|  72|0x0000000088c00000, 0x0000000088d00000, 0x0000000088d00000|100%| E|CS|TAMS 0x0000000088c00000, 0x0000000088c00000| Complete 
|  73|0x0000000088d00000, 0x0000000088e00000, 0x0000000088e00000|100%| E|CS|TAMS 0x0000000088d00000, 0x0000000088d00000| Complete 
|  74|0x0000000088e00000, 0x0000000088f00000, 0x0000000088f00000|100%| E|CS|TAMS 0x0000000088e00000, 0x0000000088e00000| Complete 
|  75|0x0000000088f00000, 0x0000000089000000, 0x0000000089000000|100%| E|CS|TAMS 0x0000000088f00000, 0x0000000088f00000| Complete 
|  76|0x0000000089000000, 0x0000000089100000, 0x0000000089100000|100%| E|CS|TAMS 0x0000000089000000, 0x0000000089000000| Complete 
|  77|0x0000000089100000, 0x0000000089200000, 0x0000000089200000|100%| E|CS|TAMS 0x0000000089100000, 0x0000000089100000| Complete 
|  78|0x0000000089200000, 0x0000000089300000, 0x0000000089300000|100%| E|CS|TAMS 0x0000000089200000, 0x0000000089200000| Complete 
|  79|0x0000000089300000, 0x0000000089400000, 0x0000000089400000|100%| E|CS|TAMS 0x0000000089300000, 0x0000000089300000| Complete 
|  80|0x0000000089400000, 0x0000000089500000, 0x0000000089500000|100%| E|CS|TAMS 0x0000000089400000, 0x0000000089400000| Complete 
|  81|0x0000000089500000, 0x0000000089600000, 0x0000000089600000|100%| E|CS|TAMS 0x0000000089500000, 0x0000000089500000| Complete 
|  82|0x0000000089600000, 0x0000000089700000, 0x0000000089700000|100%| E|CS|TAMS 0x0000000089600000, 0x0000000089600000| Complete 
|  83|0x0000000089700000, 0x0000000089800000, 0x0000000089800000|100%| E|CS|TAMS 0x0000000089700000, 0x0000000089700000| Complete 
|  84|0x0000000089800000, 0x0000000089900000, 0x0000000089900000|100%| E|CS|TAMS 0x0000000089800000, 0x0000000089800000| Complete 
|  85|0x0000000089900000, 0x0000000089a00000, 0x0000000089a00000|100%| E|CS|TAMS 0x0000000089900000, 0x0000000089900000| Complete 
|  86|0x0000000089a00000, 0x0000000089b00000, 0x0000000089b00000|100%| E|CS|TAMS 0x0000000089a00000, 0x0000000089a00000| Complete 
|  87|0x0000000089b00000, 0x0000000089c00000, 0x0000000089c00000|100%| E|CS|TAMS 0x0000000089b00000, 0x0000000089b00000| Complete 
|  88|0x0000000089c00000, 0x0000000089d00000, 0x0000000089d00000|100%| E|CS|TAMS 0x0000000089c00000, 0x0000000089c00000| Complete 
|  89|0x0000000089d00000, 0x0000000089e00000, 0x0000000089e00000|100%| S|CS|TAMS 0x0000000089d00000, 0x0000000089d00000| Complete 
|  90|0x0000000089e00000, 0x0000000089f00000, 0x0000000089f00000|100%| S|CS|TAMS 0x0000000089e00000, 0x0000000089e00000| Complete 
|  91|0x0000000089f00000, 0x000000008a000000, 0x000000008a000000|100%| E|CS|TAMS 0x0000000089f00000, 0x0000000089f00000| Complete 
|  92|0x000000008a000000, 0x000000008a100000, 0x000000008a100000|100%| E|CS|TAMS 0x000000008a000000, 0x000000008a000000| Complete 
|  93|0x000000008a100000, 0x000000008a200000, 0x000000008a200000|100%| E|CS|TAMS 0x000000008a100000, 0x000000008a100000| Complete 
|  94|0x000000008a200000, 0x000000008a300000, 0x000000008a300000|100%| E|CS|TAMS 0x000000008a200000, 0x000000008a200000| Complete 
|  95|0x000000008a300000, 0x000000008a400000, 0x000000008a400000|100%| E|CS|TAMS 0x000000008a300000, 0x000000008a300000| Complete 
|  96|0x000000008a400000, 0x000000008a500000, 0x000000008a500000|100%| E|CS|TAMS 0x000000008a400000, 0x000000008a400000| Complete 
|  97|0x000000008a500000, 0x000000008a600000, 0x000000008a600000|100%| E|CS|TAMS 0x000000008a500000, 0x000000008a500000| Complete 
|  98|0x000000008a600000, 0x000000008a700000, 0x000000008a700000|100%| E|CS|TAMS 0x000000008a600000, 0x000000008a600000| Complete 
|  99|0x000000008a700000, 0x000000008a800000, 0x000000008a800000|100%| E|CS|TAMS 0x000000008a700000, 0x000000008a700000| Complete 
| 100|0x000000008a800000, 0x000000008a900000, 0x000000008a900000|100%| E|CS|TAMS 0x000000008a800000, 0x000000008a800000| Complete 
| 101|0x000000008a900000, 0x000000008aa00000, 0x000000008aa00000|100%| E|CS|TAMS 0x000000008a900000, 0x000000008a900000| Complete 
| 102|0x000000008aa00000, 0x000000008ab00000, 0x000000008ab00000|100%| E|CS|TAMS 0x000000008aa00000, 0x000000008aa00000| Complete 
| 103|0x000000008ab00000, 0x000000008ac00000, 0x000000008ac00000|100%| E|CS|TAMS 0x000000008ab00000, 0x000000008ab00000| Complete 
| 104|0x000000008ac00000, 0x000000008ad00000, 0x000000008ad00000|100%| E|CS|TAMS 0x000000008ac00000, 0x000000008ac00000| Complete 
| 105|0x000000008ad00000, 0x000000008ae00000, 0x000000008ae00000|100%| E|CS|TAMS 0x000000008ad00000, 0x000000008ad00000| Complete 
| 106|0x000000008ae00000, 0x000000008af00000, 0x000000008af00000|100%| E|CS|TAMS 0x000000008ae00000, 0x000000008ae00000| Complete 
| 107|0x000000008af00000, 0x000000008b000000, 0x000000008b000000|100%| E|CS|TAMS 0x000000008af00000, 0x000000008af00000| Complete 
| 108|0x000000008b000000, 0x000000008b100000, 0x000000008b100000|100%| E|CS|TAMS 0x000000008b000000, 0x000000008b000000| Complete 
| 109|0x000000008b100000, 0x000000008b200000, 0x000000008b200000|100%| E|CS|TAMS 0x000000008b100000, 0x000000008b100000| Complete 
| 110|0x000000008b200000, 0x000000008b300000, 0x000000008b300000|100%| E|CS|TAMS 0x000000008b200000, 0x000000008b200000| Complete 
| 111|0x000000008b300000, 0x000000008b400000, 0x000000008b400000|100%| E|CS|TAMS 0x000000008b300000, 0x000000008b300000| Complete 
| 112|0x000000008b400000, 0x000000008b500000, 0x000000008b500000|100%| E|CS|TAMS 0x000000008b400000, 0x000000008b400000| Complete 
| 113|0x000000008b500000, 0x000000008b600000, 0x000000008b600000|100%| E|CS|TAMS 0x000000008b500000, 0x000000008b500000| Complete 
| 114|0x000000008b600000, 0x000000008b700000, 0x000000008b700000|100%| E|CS|TAMS 0x000000008b600000, 0x000000008b600000| Complete 
| 115|0x000000008b700000, 0x000000008b800000, 0x000000008b800000|100%| E|CS|TAMS 0x000000008b700000, 0x000000008b700000| Complete 
| 116|0x000000008b800000, 0x000000008b900000, 0x000000008b900000|100%| E|CS|TAMS 0x000000008b800000, 0x000000008b800000| Complete 
| 117|0x000000008b900000, 0x000000008ba00000, 0x000000008ba00000|100%| E|CS|TAMS 0x000000008b900000, 0x000000008b900000| Complete 
| 118|0x000000008ba00000, 0x000000008bb00000, 0x000000008bb00000|100%| E|CS|TAMS 0x000000008ba00000, 0x000000008ba00000| Complete 
| 119|0x000000008bb00000, 0x000000008bc00000, 0x000000008bc00000|100%| E|CS|TAMS 0x000000008bb00000, 0x000000008bb00000| Complete 
| 120|0x000000008bc00000, 0x000000008bd00000, 0x000000008bd00000|100%| E|CS|TAMS 0x000000008bc00000, 0x000000008bc00000| Complete 
| 121|0x000000008bd00000, 0x000000008be00000, 0x000000008be00000|100%| E|CS|TAMS 0x000000008bd00000, 0x000000008bd00000| Complete 
| 122|0x000000008be00000, 0x000000008bf00000, 0x000000008bf00000|100%| E|CS|TAMS 0x000000008be00000, 0x000000008be00000| Complete 
| 123|0x000000008bf00000, 0x000000008c000000, 0x000000008c000000|100%| E|CS|TAMS 0x000000008bf00000, 0x000000008bf00000| Complete 

Card table byte_map: [0x000001ecbd160000,0x000001ecbd540000] _byte_map_base: 0x000001ecbcd3e000

Marking Bits (Prev, Next): (CMBitMap*) 0x000001eca622c5f0, (CMBitMap*) 0x000001eca622c630
 Prev Bits: [0x000001ecbd920000, 0x000001ecbf810000)
 Next Bits: [0x000001ecbf810000, 0x000001ecc1700000)

Polling page: 0x000001eca4120000

Metaspace:

Usage:
  Non-class:     11.35 MB used.
      Class:      1.45 MB used.
       Both:     12.79 MB used.

Virtual space:
  Non-class space:       16.00 MB reserved,      11.44 MB ( 71%) committed,  2 nodes.
      Class space:        1.00 GB reserved,       1.50 MB ( <1%) committed,  1 nodes.
             Both:        1.02 GB reserved,      12.94 MB (  1%) committed. 

Chunk freelists:
   Non-Class:  3.31 MB
       Class:  2.50 MB
        Both:  5.81 MB

MaxMetaspaceSize: unlimited
CompressedClassSpaceSize: 1.00 GB
Initial GC threshold: 21.00 MB
Current GC threshold: 21.00 MB
CDS: on
MetaspaceReclaimPolicy: balanced
 - commit_granule_bytes: 65536.
 - commit_granule_words: 8192.
 - virtual_space_node_default_size: 1048576.
 - enlarge_chunks_in_place: 1.
 - new_chunks_are_fully_committed: 0.
 - uncommit_free_chunks: 1.
 - use_allocation_guard: 0.
 - handle_deallocations: 1.


Internal statistics:

num_allocs_failed_limit: 0.
num_arena_births: 72.
num_arena_deaths: 0.
num_vsnodes_births: 3.
num_vsnodes_deaths: 0.
num_space_committed: 207.
num_space_uncommitted: 0.
num_chunks_returned_to_freelist: 0.
num_chunks_taken_from_freelist: 522.
num_chunk_merges: 0.
num_chunk_splits: 372.
num_chunks_enlarged: 293.
num_purges: 0.
num_inconsistent_stats: 0.

CodeHeap 'non-profiled nmethods': size=120000Kb used=1557Kb max_used=1557Kb free=118442Kb
 bounds [0x000001ecb5520000, 0x000001ecb5790000, 0x000001ecbca50000]
CodeHeap 'profiled nmethods': size=120000Kb used=6506Kb max_used=6506Kb free=113493Kb
 bounds [0x000001ecadff0000, 0x000001ecae650000, 0x000001ecb5520000]
CodeHeap 'non-nmethods': size=5760Kb used=1185Kb max_used=1228Kb free=4574Kb
 bounds [0x000001ecada50000, 0x000001ecadcc0000, 0x000001ecadff0000]
 total_blobs=3695 nmethods=3231 adapters=376
 compilation: enabled
              stopped_count=0, restarted_count=0
 full_count=0

Compilation events (20 events):
Event: 4.319 Thread 0x000001ecc4127e90 3210       3       org.eclipse.aether.artifact.AbstractArtifact::setFile (29 bytes)
Event: 4.319 Thread 0x000001ecc4127e90 nmethod 3210 0x000001ecae639310 code [0x000001ecae639520, 0x000001ecae639c98]
Event: 4.322 Thread 0x000001ecc4127e90 3211  s    3       java.util.Properties::load (20 bytes)
Event: 4.322 Thread 0x000001ecc4127e90 nmethod 3211 0x000001ecae639f90 code [0x000001ecae63a160, 0x000001ecae63a568]
Event: 4.322 Thread 0x000001ecc4127e90 3212       3       java.util.Properties$LineReader::<init> (38 bytes)
Event: 4.323 Thread 0x000001ecc4127e90 nmethod 3212 0x000001ecae63a710 code [0x000001ecae63a8c0, 0x000001ecae63ac98]
Event: 4.324 Thread 0x000001ecc4127e90 3213       1       org.eclipse.aether.resolution.ArtifactRequest::getDependencyNode (5 bytes)
Event: 4.324 Thread 0x000001ecc4127e90 nmethod 3213 0x000001ecb56a4a90 code [0x000001ecb56a4c20, 0x000001ecb56a4cf8]
Event: 4.324 Thread 0x000001ecc4127e90 3214       3       java.lang.CharacterDataLatin1::isDigit (18 bytes)
Event: 4.324 Thread 0x000001ecc4127e90 nmethod 3214 0x000001ecae63ad90 code [0x000001ecae63af20, 0x000001ecae63b0b8]
Event: 4.324 Thread 0x000001ecc4127e90 3215       1       org.apache.maven.artifact.DefaultArtifact::setDependencyTrail (6 bytes)
Event: 4.324 Thread 0x000001ecc4127e90 nmethod 3215 0x000001ecb56a4d90 code [0x000001ecb56a4f20, 0x000001ecb56a5038]
Event: 4.324 Thread 0x000001ecc4127e90 3216       1       org.apache.maven.artifact.handler.DefaultArtifactHandler::getClassifier (5 bytes)
Event: 4.324 Thread 0x000001ecc4127e90 nmethod 3216 0x000001ecb56a5090 code [0x000001ecb56a5220, 0x000001ecb56a52f8]
Event: 4.325 Thread 0x000001ecc4127e90 3218       3       org.eclipse.aether.artifact.DefaultArtifact::<init> (59 bytes)
Event: 4.325 Thread 0x000001ecc4127e90 nmethod 3218 0x000001ecae63b190 code [0x000001ecae63b3a0, 0x000001ecae63bb58]
Event: 4.325 Thread 0x000001ecc4127e90 3219       3       org.eclipse.aether.artifact.AbstractArtifact::newInstance (27 bytes)
Event: 4.326 Thread 0x000001ecc4127e90 nmethod 3219 0x000001ecae63bd90 code [0x000001ecae63bf40, 0x000001ecae63c168]
Event: 4.331 Thread 0x000001ecc4127e90 3220       3       java.util.ImmutableCollections$List12::get (35 bytes)
Event: 4.331 Thread 0x000001ecc4127e90 nmethod 3220 0x000001ecae63c290 code [0x000001ecae63c440, 0x000001ecae63c6e8]

GC Heap History (4 events):
Event: 1.015 GC heap before
{Heap before GC invocations=0 (full 0):
 garbage-first heap   total 126976K, used 22528K [0x0000000084400000, 0x0000000100000000)
  region size 1024K, 23 young (23552K), 0 survivors (0K)
 Metaspace       used 4799K, committed 4928K, reserved 1056768K
  class space    used 560K, committed 640K, reserved 1048576K
}
Event: 1.029 GC heap after
{Heap after GC invocations=1 (full 0):
 garbage-first heap   total 126976K, used 3564K [0x0000000084400000, 0x0000000100000000)
  region size 1024K, 3 young (3072K), 3 survivors (3072K)
 Metaspace       used 4799K, committed 4928K, reserved 1056768K
  class space    used 560K, committed 640K, reserved 1048576K
}
Event: 1.944 GC heap before
{Heap before GC invocations=1 (full 0):
 garbage-first heap   total 126976K, used 34284K [0x0000000084400000, 0x0000000100000000)
  region size 1024K, 33 young (33792K), 3 survivors (3072K)
 Metaspace       used 9771K, committed 9920K, reserved 1064960K
  class space    used 1210K, committed 1280K, reserved 1048576K
}
Event: 1.958 GC heap after
{Heap after GC invocations=2 (full 0):
 garbage-first heap   total 126976K, used 5636K [0x0000000084400000, 0x0000000100000000)
  region size 1024K, 2 young (2048K), 2 survivors (2048K)
 Metaspace       used 9771K, committed 9920K, reserved 1064960K
  class space    used 1210K, committed 1280K, reserved 1048576K
}

Deoptimization events (20 events):
Event: 4.158 Thread 0x000001eca61d2460 Uncommon trap: trap_request=0xffffff45 fr.pc=0x000001ecb5639fdc relative=0x000000000000107c
Event: 4.158 Thread 0x000001eca61d2460 Uncommon trap: reason=unstable_if action=reinterpret pc=0x000001ecb5639fdc method=java.lang.String.indexOf(Ljava/lang/String;)I @ 10 c2
Event: 4.158 Thread 0x000001eca61d2460 DEOPT PACKING pc=0x000001ecb5639fdc sp=0x0000006f22efcf10
Event: 4.158 Thread 0x000001eca61d2460 DEOPT UNPACKING pc=0x000001ecadaa5ba3 sp=0x0000006f22efce10 mode 2
Event: 4.187 Thread 0x000001eca61d2460 Uncommon trap: trap_request=0xffffff45 fr.pc=0x000001ecb560c4c0 relative=0x00000000000004a0
Event: 4.187 Thread 0x000001eca61d2460 Uncommon trap: reason=unstable_if action=reinterpret pc=0x000001ecb560c4c0 method=java.lang.StringUTF16.compress([CII)[B @ 13 c2
Event: 4.187 Thread 0x000001eca61d2460 DEOPT PACKING pc=0x000001ecb560c4c0 sp=0x0000006f22efc680
Event: 4.187 Thread 0x000001eca61d2460 DEOPT UNPACKING pc=0x000001ecadaa5ba3 sp=0x0000006f22efc548 mode 2
Event: 4.195 Thread 0x000001eca61d2460 Uncommon trap: trap_request=0xffffff45 fr.pc=0x000001ecb55d69d0 relative=0x00000000000001d0
Event: 4.195 Thread 0x000001eca61d2460 Uncommon trap: reason=unstable_if action=reinterpret pc=0x000001ecb55d69d0 method=java.lang.String.indexOf(Ljava/lang/String;)I @ 10 c2
Event: 4.195 Thread 0x000001eca61d2460 DEOPT PACKING pc=0x000001ecb55d69d0 sp=0x0000006f22efca60
Event: 4.195 Thread 0x000001eca61d2460 DEOPT UNPACKING pc=0x000001ecadaa5ba3 sp=0x0000006f22efc9f0 mode 2
Event: 4.331 Thread 0x000001eca61d2460 Uncommon trap: trap_request=0x000001bb fr.pc=0x000001ecb5549cc8 relative=0x0000000000000268
Event: 4.331 Thread 0x000001eca61d2460 Uncommon trap: reason=unloaded action=reinterpret pc=0x000001ecb5549cc8 method=java.util.jar.JarFile.checkForSpecialAttributes()V @ 99 c2
Event: 4.331 Thread 0x000001eca61d2460 DEOPT PACKING pc=0x000001ecb5549cc8 sp=0x0000006f22efd080
Event: 4.331 Thread 0x000001eca61d2460 DEOPT UNPACKING pc=0x000001ecadaa5ba3 sp=0x0000006f22efd018 mode 2
Event: 4.331 Thread 0x000001eca61d2460 Uncommon trap: trap_request=0xffffff45 fr.pc=0x000001ecb5557908 relative=0x0000000000000768
Event: 4.331 Thread 0x000001eca61d2460 Uncommon trap: reason=unstable_if action=reinterpret pc=0x000001ecb5557908 method=java.util.jar.JarFile.isMultiRelease()Z @ 4 c2
Event: 4.331 Thread 0x000001eca61d2460 DEOPT PACKING pc=0x000001ecb5557908 sp=0x0000006f22efd580
Event: 4.331 Thread 0x000001eca61d2460 DEOPT UNPACKING pc=0x000001ecadaa5ba3 sp=0x0000006f22efd468 mode 2

Classes unloaded (0 events):
No events

Classes redefined (0 events):
No events

Internal exceptions (8 events):
Event: 0.793 Thread 0x000001eca61d2460 Exception <a 'java/lang/NoSuchMethodError'{0x000000008b199270}: 'java.lang.Object java.lang.invoke.DirectMethodHandle$Holder.newInvokeSpecial(java.lang.Object, java.lang.Object, java.lang.Object, java.lang.Object, java.lang.Object)'> (0x000000008b199270) 
thrown [s\open\src\hotspot\share\interpreter\linkResolver.cpp, line 759]
Event: 1.902 Thread 0x000001eca61d2460 Exception <a 'java/lang/NoClassDefFoundError'{0x0000000089f5d260}: com/google/inject/servlet/ServletModuleTargetVisitor> (0x0000000089f5d260) 
thrown [s\open\src\hotspot\share\classfile\systemDictionary.cpp, line 245]
Event: 1.905 Thread 0x000001eca61d2460 Exception <a 'java/lang/NoClassDefFoundError'{0x0000000089f5f170}: javax/annotation/Priority> (0x0000000089f5f170) 
thrown [s\open\src\hotspot\share\classfile\systemDictionary.cpp, line 245]
Event: 2.056 Thread 0x000001eca61d2460 Exception <a 'java/lang/NoSuchMethodError'{0x000000008bd366c8}: 'java.lang.Object java.lang.invoke.DirectMethodHandle$Holder.invokeStaticInit(java.lang.Object, int, int, int, int)'> (0x000000008bd366c8) 
thrown [s\open\src\hotspot\share\interpreter\linkResolver.cpp, line 759]
Event: 3.025 Thread 0x000001eca61d2460 Implicit null exception at 0x000001ecb55a31d8 to 0x000001ecb55a326e
Event: 3.025 Thread 0x000001eca61d2460 Implicit null exception at 0x000001ecb55be56a to 0x000001ecb55be728
Event: 3.025 Thread 0x000001eca61d2460 Implicit null exception at 0x000001ecb559e08f to 0x000001ecb559e109
Event: 3.759 Thread 0x000001eca61d2460 Implicit null exception at 0x000001ecb55bd3ea to 0x000001ecb55bd5a4

VM Operations (20 events):
Event: 1.607 Executing VM operation: ICBufferFull
Event: 1.607 Executing VM operation: ICBufferFull done
Event: 1.776 Executing VM operation: HandshakeAllThreads
Event: 1.776 Executing VM operation: HandshakeAllThreads done
Event: 1.779 Executing VM operation: HandshakeAllThreads
Event: 1.779 Executing VM operation: HandshakeAllThreads done
Event: 1.877 Executing VM operation: HandshakeAllThreads
Event: 1.877 Executing VM operation: HandshakeAllThreads done
Event: 1.944 Executing VM operation: G1CollectForAllocation
Event: 1.958 Executing VM operation: G1CollectForAllocation done
Event: 2.025 Executing VM operation: HandshakeAllThreads
Event: 2.025 Executing VM operation: HandshakeAllThreads done
Event: 2.115 Executing VM operation: HandshakeAllThreads
Event: 2.115 Executing VM operation: HandshakeAllThreads done
Event: 3.027 Executing VM operation: ICBufferFull
Event: 3.027 Executing VM operation: ICBufferFull done
Event: 3.638 Executing VM operation: ICBufferFull
Event: 3.638 Executing VM operation: ICBufferFull done
Event: 4.265 Executing VM operation: ICBufferFull
Event: 4.265 Executing VM operation: ICBufferFull done

Events (20 events):
Event: 2.877 loading class sun/nio/ch/NativeThread done
Event: 2.877 loading class sun/nio/ch/FileLockTable
Event: 2.878 loading class sun/nio/ch/FileLockTable done
Event: 2.878 loading class sun/nio/ch/FileKey
Event: 2.878 loading class sun/nio/ch/FileKey done
Event: 2.878 loading class sun/nio/ch/FileLockTable$FileLockReference
Event: 2.878 loading class sun/nio/ch/FileLockTable$FileLockReference done
Event: 2.878 loading class java/nio/channels/spi/AbstractInterruptibleChannel$1
Event: 2.878 loading class sun/nio/ch/Interruptible
Event: 2.878 loading class sun/nio/ch/Interruptible done
Event: 2.878 loading class java/nio/channels/spi/AbstractInterruptibleChannel$1 done
Event: 2.915 loading class java/util/Formatter$FixedString
Event: 2.915 loading class java/util/Formatter$FixedString done
Event: 2.944 Thread 0x000001ecc5459180 Thread added: 0x000001ecc5459180
Event: 3.213 loading class sun/nio/cs/ISO_8859_1$Decoder
Event: 3.213 loading class sun/nio/cs/ISO_8859_1$Decoder done
Event: 3.317 Thread 0x000001ecc70aa8a0 Thread added: 0x000001ecc70aa8a0
Event: 3.876 Thread 0x000001ecc70aa8a0 Thread exited: 0x000001ecc70aa8a0
Event: 3.876 Thread 0x000001ecc5459180 Thread exited: 0x000001ecc5459180
Event: 4.165 Thread 0x000001ecc608ce50 Thread added: 0x000001ecc608ce50


Dynamic libraries:
0x00007ff7db310000 - 0x00007ff7db320000 	C:\Program Files\Java\jdk-17.0.5\bin\java.exe
0x00007ff826b30000 - 0x00007ff826d27000 	C:\WINDOWS\SYSTEM32\ntdll.dll
0x00007ff825400000 - 0x00007ff8254bd000 	C:\WINDOWS\System32\KERNEL32.DLL
0x00007ff824770000 - 0x00007ff824a3d000 	C:\WINDOWS\System32\KERNELBASE.dll
0x00007ff824280000 - 0x00007ff824380000 	C:\WINDOWS\System32\ucrtbase.dll
0x00007ff81f820000 - 0x00007ff81f838000 	C:\Program Files\Java\jdk-17.0.5\bin\jli.dll
0x00007ff824b90000 - 0x00007ff824c3e000 	C:\WINDOWS\System32\ADVAPI32.dll
0x00007ff825600000 - 0x00007ff82569e000 	C:\WINDOWS\System32\msvcrt.dll
0x00007ff826010000 - 0x00007ff8260ac000 	C:\WINDOWS\System32\sechost.dll
0x00007ff825870000 - 0x00007ff825995000 	C:\WINDOWS\System32\RPCRT4.dll
0x00007ff825130000 - 0x00007ff8252d0000 	C:\WINDOWS\System32\USER32.dll
0x00007ff8244d0000 - 0x00007ff8244f2000 	C:\WINDOWS\System32\win32u.dll
0x00007ff8254c0000 - 0x00007ff8254ea000 	C:\WINDOWS\System32\GDI32.dll
0x00007ff824660000 - 0x00007ff82476b000 	C:\WINDOWS\System32\gdi32full.dll
0x00007ff824380000 - 0x00007ff82441d000 	C:\WINDOWS\System32\msvcp_win.dll
0x00007fffd1b00000 - 0x00007fffd1b1a000 	C:\Program Files\Java\jdk-17.0.5\bin\VCRUNTIME140.dll
0x00007ffffa260000 - 0x00007ffffa4fa000 	C:\WINDOWS\WinSxS\amd64_microsoft.windows.common-controls_6595b64144ccf1df_6.0.19041.1110_none_60b5254171f9507e\COMCTL32.dll
0x00007ff8185a0000 - 0x00007ff8185aa000 	C:\WINDOWS\SYSTEM32\VERSION.dll
0x00007ff825830000 - 0x00007ff825860000 	C:\WINDOWS\System32\IMM32.DLL
0x00007fffd1af0000 - 0x00007fffd1afc000 	C:\Program Files\Java\jdk-17.0.5\bin\vcruntime140_1.dll
0x00007fffd1180000 - 0x00007fffd120d000 	C:\Program Files\Java\jdk-17.0.5\bin\msvcp140.dll
0x00007fffd1b20000 - 0x00007fffd26e2000 	C:\Program Files\Java\jdk-17.0.5\bin\server\jvm.dll
0x00007ff8260b0000 - 0x00007ff8260b8000 	C:\WINDOWS\System32\PSAPI.DLL
0x00007ff8062b0000 - 0x00007ff8062b9000 	C:\WINDOWS\SYSTEM32\WSOCK32.dll
0x00007ff8260c0000 - 0x00007ff82612b000 	C:\WINDOWS\System32\WS2_32.dll
0x00007ff80ed50000 - 0x00007ff80ed77000 	C:\WINDOWS\SYSTEM32\WINMM.dll
0x00007ff822d50000 - 0x00007ff822d62000 	C:\WINDOWS\SYSTEM32\kernel.appcore.dll
0x00007fffd1a70000 - 0x00007fffd1a7a000 	C:\Program Files\Java\jdk-17.0.5\bin\jimage.dll
0x00007ff8227e0000 - 0x00007ff8229c4000 	C:\WINDOWS\SYSTEM32\DBGHELP.DLL
0x00007ff80ed80000 - 0x00007ff80edac000 	C:\WINDOWS\SYSTEM32\dbgcore.DLL
0x00007ff824b00000 - 0x00007ff824b82000 	C:\WINDOWS\System32\bcryptPrimitives.dll
0x00007fffd1a80000 - 0x00007fffd1aa5000 	C:\Program Files\Java\jdk-17.0.5\bin\java.dll
0x00007fffd1990000 - 0x00007fffd1a66000 	C:\Program Files\Java\jdk-17.0.5\bin\jsvml.dll
0x00007ff8262b0000 - 0x00007ff8269f4000 	C:\WINDOWS\System32\SHELL32.dll
0x00007ff821f70000 - 0x00007ff822704000 	C:\WINDOWS\SYSTEM32\windows.storage.dll
0x00007ff825cb0000 - 0x00007ff826004000 	C:\WINDOWS\System32\combase.dll
0x00007ff823cb0000 - 0x00007ff823cdc000 	C:\WINDOWS\SYSTEM32\Wldp.dll
0x00007ff8256a0000 - 0x00007ff82574d000 	C:\WINDOWS\System32\SHCORE.dll
0x00007ff8255a0000 - 0x00007ff8255f5000 	C:\WINDOWS\System32\shlwapi.dll
0x00007ff824190000 - 0x00007ff8241af000 	C:\WINDOWS\SYSTEM32\profapi.dll
0x00007fffd1930000 - 0x00007fffd1949000 	C:\Program Files\Java\jdk-17.0.5\bin\net.dll
0x00007ff81ea10000 - 0x00007ff81eb1a000 	C:\WINDOWS\SYSTEM32\WINHTTP.dll
0x00007ff823a10000 - 0x00007ff823a7a000 	C:\WINDOWS\system32\mswsock.dll
0x00007fffd1910000 - 0x00007fffd1926000 	C:\Program Files\Java\jdk-17.0.5\bin\nio.dll
0x00007fffd1780000 - 0x00007fffd1798000 	C:\Program Files\Java\jdk-17.0.5\bin\zip.dll
0x00007fffd1690000 - 0x00007fffd16a0000 	C:\Program Files\Java\jdk-17.0.5\bin\verify.dll
0x00007ff81f900000 - 0x00007ff81f90a000 	C:\Program Files\NetBeans-12.6\netbeans\java\maven\lib\jansi-native\windows64\jansi.dll

dbghelp: loaded successfully - version: 4.0.5 - missing functions: none
symbol engine: initialized successfully - sym options: 0x614 - pdb path: .;C:\Program Files\Java\jdk-17.0.5\bin;C:\WINDOWS\SYSTEM32;C:\WINDOWS\WinSxS\amd64_microsoft.windows.common-controls_6595b64144ccf1df_6.0.19041.1110_none_60b5254171f9507e;C:\Program Files\Java\jdk-17.0.5\bin\server;C:\Program Files\NetBeans-12.6\netbeans\java\maven\lib\jansi-native\windows64

VM Arguments:
jvm_args: -Dclassworlds.conf=C:\Program Files\NetBeans-12.6\netbeans\java\maven\bin\..\bin\m2.conf -Dmaven.home=C:\Program Files\NetBeans-12.6\netbeans\java\maven\bin\.. -Dlibrary.jansi.path=C:\Program Files\NetBeans-12.6\netbeans\java\maven\bin\..\lib\jansi-native -Dmaven.multiModuleProjectDirectory=C:\Users\TranCongHieu\Documents\DUAN11 
java_command: org.codehaus.plexus.classworlds.launcher.Launcher -Dexec.vmArgs= -Dexec.args=${exec.vmArgs} -classpath %classpath ${exec.mainClass} ${exec.appArgs} -Dexec.executable=C:\Program Files\Java\jdk-17.0.5\bin\java.exe -Dexec.mainClass=views.ViewCuaHangBanDienThoai -Dexec.classpathScope=runtime -Dexec.appArgs= -Dmaven.ext.class.path=C:\Program Files\NetBeans-12.6\netbeans\java\maven-nblib\netbeans-eventspy.jar -Dfile.encoding=UTF-8 org.codehaus.mojo:exec-maven-plugin:3.0.0:exec
java_class_path (initial): C:\Program Files\NetBeans-12.6\netbeans\java\maven\bin\..\boot\plexus-classworlds-2.6.0.jar
Launcher Type: SUN_STANDARD

[Global flags]
     intx CICompilerCount                          = 4                                         {product} {ergonomic}
     uint ConcGCThreads                            = 2                                         {product} {ergonomic}
     uint G1ConcRefinementThreads                  = 8                                         {product} {ergonomic}
   size_t G1HeapRegionSize                         = 1048576                                   {product} {ergonomic}
    uintx GCDrainStackTargetSize                   = 64                                        {product} {ergonomic}
   size_t InitialHeapSize                          = 130023424                                 {product} {ergonomic}
   size_t MarkStackSize                            = 4194304                                   {product} {ergonomic}
   size_t MaxHeapSize                              = 2076180480                                {product} {ergonomic}
   size_t MaxNewSize                               = 1245708288                                {product} {ergonomic}
   size_t MinHeapDeltaBytes                        = 1048576                                   {product} {ergonomic}
   size_t MinHeapSize                              = 8388608                                   {product} {ergonomic}
    uintx NonNMethodCodeHeapSize                   = 5839372                                {pd product} {ergonomic}
    uintx NonProfiledCodeHeapSize                  = 122909434                              {pd product} {ergonomic}
    uintx ProfiledCodeHeapSize                     = 122909434                              {pd product} {ergonomic}
    uintx ReservedCodeCacheSize                    = 251658240                              {pd product} {ergonomic}
     bool SegmentedCodeCache                       = true                                      {product} {ergonomic}
   size_t SoftMaxHeapSize                          = 2076180480                             {manageable} {ergonomic}
     bool UseCompressedClassPointers               = true                           {product lp64_product} {ergonomic}
     bool UseCompressedOops                        = true                           {product lp64_product} {ergonomic}
     bool UseG1GC                                  = true                                      {product} {ergonomic}
     bool UseLargePagesIndividualAllocation        = false                                  {pd product} {ergonomic}

Logging:
Log output configuration:
 #0: stdout all=warning uptime,level,tags
 #1: stderr all=off uptime,level,tags

Environment Variables:
JAVA_HOME=C:\Program Files\Java\jdk-17.0.5
PATH=C:\Program Files\Common Files\Oracle\Java\javapath;C:\Program Files (x86)\Common Files\Oracle\Java\javapath;C:\WINDOWS\system32;C:\WINDOWS;C:\WINDOWS\System32\Wbem;C:\WINDOWS\System32\WindowsPowerShell\v1.0\;C:\WINDOWS\System32\OpenSSH\;C:\Program Files\dotnet\;C:\Program Files\Microsoft SQL Server\Client SDK\ODBC\170\Tools\Binn\;C:\Program Files (x86)\Microsoft SQL Server\150\Tools\Binn\;C:\Program Files\Microsoft SQL Server\150\Tools\Binn\;C:\Program Files\Microsoft SQL Server\150\DTS\Binn\;C:\Program Files (x86)\Microsoft SQL Server\150\DTS\Binn\;C:\Program Files\Azure Data Studio\bin;C:\Program Files\Java\jdk-18.0.1.1\bin;C:\Program Files\Java\jdk-17.0.5\bin;C:\Users\TranCongHieu\AppData\Local\Microsoft\WindowsApps;C:\Users\TranCongHieu\AppData\Local\Programs\Microsoft VS Code\bin;C:\Program Files\Azure Data Studio\bin;C:\Users\TranCongHieu\AppData\Local\GitHubDesktop\bin
USERNAME=TranCongHieu
OS=Windows_NT
PROCESSOR_IDENTIFIER=Intel64 Family 6 Model 140 Stepping 1, GenuineIntel



---------------  S Y S T E M  ---------------

OS:
 Windows 10 , 64 bit Build 19041 (10.0.19041.1741)
OS uptime: 0 days 0:50 hours

CPU: total 8 (initial active 8) (4 cores per cpu, 2 threads per core) family 6 model 140 stepping 1 microcode 0xa4, cx8, cmov, fxsr, ht, mmx, 3dnowpref, sse, sse2, sse3, ssse3, sse4.1, sse4.2, popcnt, lzcnt, tsc, tscinvbit, avx, avx2, aes, erms, clmul, bmi1, bmi2, adx, avx512f, avx512dq, avx512cd, avx512bw, avx512vl, sha, fma, vzeroupper, avx512_vpopcntdq, avx512_vpclmulqdq, avx512_vaes, avx512_vnni, clflush, clflushopt, clwb, avx512_vbmi2, avx512_vbmi

Memory: 4k page, system-wide physical 7914M (845M free)
TotalPageFile size 10981M (AvailPageFile size 5M)
current process WorkingSet (physical memory assigned to process): 145M, peak: 146M
current process commit charge ("private bytes"): 253M, peak: 254M

vm_info: Java HotSpot(TM) 64-Bit Server VM (17.0.5+9-LTS-191) for windows-amd64 JRE (17.0.5+9-LTS-191), built on Sep 13 2022 17:31:43 by "mach5one" with MS VC++ 16.8 / 16.9 (VS2019)

END.
